Starting build process...
--2024-08-23 20:52:10--  https://github.com/vmagnin/gtk-fortran/archive/refs/tags/v4.6.0.tar.gz
Resolving github.com (github.com)... 140.82.121.3
Connecting to github.com (github.com)|140.82.121.3|:443... connected.
HTTP request sent, awaiting response... 302 Found
Location: https://codeload.github.com/vmagnin/gtk-fortran/tar.gz/refs/tags/v4.6.0 [following]
--2024-08-23 20:52:10--  https://codeload.github.com/vmagnin/gtk-fortran/tar.gz/refs/tags/v4.6.0
Resolving codeload.github.com (codeload.github.com)... 140.82.121.10
Connecting to codeload.github.com (codeload.github.com)|140.82.121.10|:443... connected.
HTTP request sent, awaiting response... 200 OK
Length: unspecified [application/x-gzip]
Saving to: ‘gtk-fortran-4.6.0.tar.gz’

     0K .......... .......... .......... .......... ..........  417K
    50K .......... .......... .......... .......... .......... 1.42M
   100K .......... .......... .......... .......... .......... 1.54M
   150K .......... .......... .......... .......... .......... 5.48M
   200K .......... .......... .......... .......... .......... 1.03M
   250K .......... .......... .......... .......... .......... 5.38M
   300K .......... .......... .......... .......... .......... 5.27M
   350K .......... .......... .......... .......... ..........  615K
   400K .......... .......... .......... .......... .......... 3.17M
   450K .......... .......... .......... .......... .......... 83.4M
   500K .......... .......... .......... .......... .......... 88.3M
   550K .......... .......... .......... .......... .......... 89.8M
   600K .......... .......... .......... .......... .......... 1.51M
   650K .......... .......... .......... .......... .......... 10.7M
   700K .......... .......... .......... .......... .......... 6.80M
   750K .......... .......... .......... .......... .......... 17.3M
   800K .......... .......... .......... .......... .......... 66.0M
   850K .......... .......... .......... .......... .......... 97.4M
   900K .......... .......... .......... .......... .......... 6.87M
   950K .......... .......... .......... .......... .......... 6.33M
  1000K .......... .......... .......... .......... .......... 3.52M
  1050K .......... .......... .......... .......... .......... 4.29M
  1100K .......... .......... .......... .......... .......... 3.62M
  1150K .......... .......... .......... .......... .......... 5.10M
  1200K .......... .......... .......... .......... .......... 5.27M
  1250K .......... .......... .......... .......... .......... 6.52M
  1300K .......... .......... .......... .......... .......... 3.09M
  1350K .......... .......... .......... .......... .......... 3.85M
  1400K .......... .......... .......... .......... .......... 4.75M
  1450K .......... .......... .......... .......... .......... 6.36M
  1500K .......... .......... .......... .......... .......... 5.04M
  1550K .......... .......... .......... .......... .......... 5.09M
  1600K .......... .......... .......... .......... .......... 3.96M
  1650K .......... .......... .......... .......... .......... 3.89M
  1700K .......... .......... .......... .......... .......... 5.08M
  1750K .......... .......... .......... .......... .......... 4.87M
  1800K .......... .......... .......... .......... .......... 5.32M
  1850K .......... .......... .......... .......... .......... 6.03M
  1900K .......... .......... .......... .......... .......... 4.07M
  1950K .......... .......... .......... .......... .......... 3.10M
  2000K .......... .......... .......... .......... .......... 7.61M
  2050K .......... .......... .......... .......... .......... 5.21M
  2100K .......... .......... .......... .......... .......... 5.18M
  2150K .......... .......... .......... .......... .......... 4.41M
  2200K .......... .......... .......... .......... .......... 3.32M
  2250K .......... .......... .......... .......... .......... 5.02M
  2300K .......... .......... .......... .......... .......... 5.16M
  2350K .......... .......... .......... .......... .......... 5.32M
  2400K .......... .......... .......... .......... .......... 5.17M
  2450K .......... .......... .......... .......... .......... 5.24M
  2500K .......... .......... .......... .......... .......... 3.36M
  2550K .......... .......... .......... .......... .......... 4.86M
  2600K .......... .......... .......... .......... .......... 5.30M
  2650K .......... .......... .......... .......... .......... 6.45M
  2700K .......... .......... .......... .......... .......... 4.41M
  2750K .......... .......... .......... .......... .......... 5.06M
  2800K .......... .......... .......... .......... .......... 3.64M
  2850K .......... .......... .......... .......... .......... 5.21M
  2900K .......... .......... .......... .......... .......... 5.03M
  2950K .......... .......... .......... .......... .......... 4.84M
  3000K .......... .......... .......... .......... .......... 5.84M
  3050K .......... .......... .......... .......... .......... 5.37M
  3100K .......... .......... .......... .......... .......... 3.29M
  3150K .......... .......... .......... .......... .......... 6.25M
  3200K .......... .......... .......... .......... .......... 5.30M
  3250K .......... .......... .......... .......... .......... 5.44M
  3300K .......... .......... .......... .......... .......... 4.91M
  3350K .......... .......... .......... .....bash: pop_scope: head of shell_variables not a temporary environment scope

]2;RUN_SCRIPT=no source gtk-fortran/gtk-fortran.SlackBuild [?2004h[1;30m([1;31mERROR[1;30m)-([0;31mExit Code [1;31m130[1;30m)-([0;31mScript terminated by Control-C[1;30m)[0m
[1;30m([0;36mFri Aug-8[0;34m 8:52:12pm[1;30m)-([0;35mCPU 5.2%[1;30m:[0;35m0[1;30m:[0;35mNet 9[1;30m)-([0;31momen[1;30m:[0;33m~/GITHUB/sqf2dep/rtz[1;30m)-([0;32m3.4M[1;30m:[0;32m11[1;30m)
[0;32m>[0m 