Starting build process...
--2024-09-16 21:10:56--  https://jmvdveer.home.xs4all.nl/algol68g-3.5.5.tar.gz
Resolving jmvdveer.home.xs4all.nl (jmvdveer.home.xs4all.nl)... 89.149.192.57
Connecting to jmvdveer.home.xs4all.nl (jmvdveer.home.xs4all.nl)|89.149.192.57|:443... connected.
HTTP request sent, awaiting response... 200 OK
Length: 664205 (649K) [application/x-gzip]
Saving to: ‘algol68g-3.5.5.tar.gz’

     0K .......... .......... .......... .......... ..........  7%  368K 2s
    50K .......... .......... .......... .......... .......... 15% 1.29M 1s
   100K .......... .......... .......... .......... .......... 23% 1.33M 1s
   150K .......... .......... .......... .......... .......... 30% 5.20M 0s
   200K .......... .......... .......... .......... .......... 38%  933K 0s
   250K .......... .......... .......... .......... .......... 46% 4.64M 0s
   300K .......... .......... .......... .......... .......... 53% 7.03M 0s
   350K .......... .......... .......... .......... .......... 61%  630K 0s
   400K .......... .......... .......... .......... .......... 69% 6.30M 0s
   450K .......... .......... .......... .......... .......... 77%  328M 0s
   500K .......... .......... .......... .......... .......... 84%  339M 0s
   550K .......... .......... .......... .......... .......... 92%  312M 0s
   600K .......... .......... .......... .......... ........  100%  845K=0.4s

2024-09-16 21:10:57 (1.45 MB/s) - ‘algol68g-3.5.5.tar.gz’ saved [664205/664205]

algol68g-3.5.5/
algol68g-3.5.5/compile
algol68g-3.5.5/INSTALL
algol68g-3.5.5/aclocal.m4
algol68g-3.5.5/config.guess
algol68g-3.5.5/ChangeLog
algol68g-3.5.5/configure.ac
algol68g-3.5.5/src/
algol68g-3.5.5/src/doc/
algol68g-3.5.5/src/doc/a68g.1
algol68g-3.5.5/src/include/
algol68g-3.5.5/src/include/a68g-platform.h
algol68g-3.5.5/src/include/a68g-genie.h
algol68g-3.5.5/src/include/a68g-moids.h
algol68g-3.5.5/src/include/a68g-config.win32.h
algol68g-3.5.5/src/include/a68g-numbers.h
algol68g-3.5.5/src/include/a68g-plugin.h
algol68g-3.5.5/src/include/a68g-stddef.h
algol68g-3.5.5/src/include/a68g-diagnostics.h
algol68g-3.5.5/src/include/a68g-nil.h
algol68g-3.5.5/src/include/a68g-prelude-gsl.h
algol68g-3.5.5/src/include/a68g-level-3.h
algol68g-3.5.5/src/include/a68g-masks.h
algol68g-3.5.5/src/include/a68g-frames.h
algol68g-3.5.5/src/include/a68g-mp.h
algol68g-3.5.5/src/include/a68g-double.h
algol68g-3.5.5/src/include/a68g-transput.h
algol68g-3.5.5/src/include/a68g.h
algol68g-3.5.5/src/include/a68g-includes.h
algol68g-3.5.5/src/include/a68g-physics.h
algol68g-3.5.5/src/include/a68g-types.h
algol68g-3.5.5/src/include/a68g-enums.h
algol68g-3.5.5/src/include/a68g-parser.h
algol68g-3.5.5/src/include/a68g-prelude-mathlib.h
algol68g-3.5.5/src/include/a68g-options.h
algol68g-3.5.5/src/include/a68g-prelude.h
algol68g-3.5.5/src/include/a68g-optimiser.h
algol68g-3.5.5/src/include/a68g-defines.h
algol68g-3.5.5/src/include/a68g-generic.h
algol68g-3.5.5/src/include/a68g-common.h
algol68g-3.5.5/src/include/a68g-environ.h
algol68g-3.5.5/src/include/a68g-torrix.h
algol68g-3.5.5/src/include/a68g-lib.h
algol68g-3.5.5/src/include/a68g-postulates.h
algol68g-3.5.5/src/include/a68g-math.h
algol68g-3.5.5/src/include/a68g-mach.h
algol68g-3.5.5/src/include/a68g-listing.h
algol68g-3.5.5/src/include/a68g-stack.h
algol68g-3.5.5/src/test-set/
algol68g-3.5.5/src/test-set/23-pebbles.a68
algol68g-3.5.5/src/test-set/12-fibonacci-grammar.a68
algol68g-3.5.5/src/test-set/06-decision.a68
algol68g-3.5.5/src/test-set/05-chaos.a68
algol68g-3.5.5/src/test-set/22-matrix.a68
algol68g-3.5.5/src/test-set/03-arithmetic-derivative.a68
algol68g-3.5.5/src/test-set/33-whetstones.a68
algol68g-3.5.5/src/test-set/02-all-parser.a68
algol68g-3.5.5/src/test-set/18-lisp.a68
algol68g-3.5.5/src/test-set/21-math.a68
algol68g-3.5.5/src/test-set/13-formula-manipulation.a68
algol68g-3.5.5/src/test-set/09-end-of-time.a68
algol68g-3.5.5/src/test-set/08-digits.a68
algol68g-3.5.5/src/test-set/34-www.a68
algol68g-3.5.5/src/test-set/15-guldens.a68
algol68g-3.5.5/src/test-set/32-warshall.a68
algol68g-3.5.5/src/test-set/31-tukey.a68
algol68g-3.5.5/src/test-set/20-mandelbrot.a68
algol68g-3.5.5/src/test-set/04-bulls-and-cows.a68
algol68g-3.5.5/src/test-set/14-gammainc.a68
algol68g-3.5.5/src/test-set/24-procedures.a68
algol68g-3.5.5/src/test-set/01-ackermann.a68
algol68g-3.5.5/src/test-set/19-lucas-sequence.a68
algol68g-3.5.5/src/test-set/30-semana-santa.a68
algol68g-3.5.5/src/test-set/29-roman-decimal.a68
algol68g-3.5.5/src/test-set/07-dictionary.a68
algol68g-3.5.5/src/test-set/27-quicksort.a68
algol68g-3.5.5/src/test-set/26-queens.a68
algol68g-3.5.5/src/test-set/28-rationals.a68
algol68g-3.5.5/src/test-set/11-fft-par.a68
algol68g-3.5.5/src/test-set/35-zeroin.a68
algol68g-3.5.5/src/test-set/10-fft.a68
algol68g-3.5.5/src/test-set/25-pseudo-switch.a68
algol68g-3.5.5/src/test-set/16-hamming.a68
algol68g-3.5.5/src/test-set/17-hilbert-matrix.a68
algol68g-3.5.5/src/a68g/
algol68g-3.5.5/src/a68g/parser-moids-coerce.c
algol68g-3.5.5/src/a68g/mp-gamma.c
algol68g-3.5.5/src/a68g/a68g-non-terminal.c
algol68g-3.5.5/src/a68g/parser.c
algol68g-3.5.5/src/a68g/moids-diagnostics.c
algol68g-3.5.5/src/a68g/rts-parallel.c
algol68g-3.5.5/src/a68g/rts-curl.c
algol68g-3.5.5/src/a68g/rts-transput.c
algol68g-3.5.5/src/a68g/mp-complex.c
algol68g-3.5.5/src/a68g/parser-moids-check.c
algol68g-3.5.5/src/a68g/parser-victal.c
algol68g-3.5.5/src/a68g/rts-bool.c
algol68g-3.5.5/src/a68g/moids-misc.c
algol68g-3.5.5/src/a68g/double-math.c
algol68g-3.5.5/src/a68g/parser-scanner.c
algol68g-3.5.5/src/a68g/genie-declaration.c
algol68g-3.5.5/src/a68g/mp-gamic.c
algol68g-3.5.5/src/a68g/single-blas.c
algol68g-3.5.5/src/a68g/genie-denotation.c
algol68g-3.5.5/src/a68g/genie-assign.c
algol68g-3.5.5/src/a68g/parser-scope.c
algol68g-3.5.5/src/a68g/genie-regex.c
algol68g-3.5.5/src/a68g/a68g-apropos.c
algol68g-3.5.5/src/a68g/mp-math.c
algol68g-3.5.5/src/a68g/genie-hip.c
algol68g-3.5.5/src/a68g/parser-extract.c
algol68g-3.5.5/src/a68g/plugin-driver.c
algol68g-3.5.5/src/a68g/prelude.c
algol68g-3.5.5/src/a68g/single-svd.c
algol68g-3.5.5/src/a68g/rts-enquiries.c
algol68g-3.5.5/src/a68g/single-fft.c
algol68g-3.5.5/src/a68g/rts-curses.c
algol68g-3.5.5/src/a68g/single-torrix.c
algol68g-3.5.5/src/a68g/parser-refinement.c
algol68g-3.5.5/src/a68g/rts-monitor.c
algol68g-3.5.5/src/a68g/prelude-gsl.c
algol68g-3.5.5/src/a68g/moids-to-string.c
algol68g-3.5.5/src/a68g/a68g-options.c
algol68g-3.5.5/src/a68g/single-physics.c
algol68g-3.5.5/src/a68g/plugin-basic.c
algol68g-3.5.5/src/a68g/single-decomposition.c
algol68g-3.5.5/src/a68g/a68g-listing.c
algol68g-3.5.5/src/a68g/rts-unformatted.c
algol68g-3.5.5/src/a68g/a68g-io.c
algol68g-3.5.5/src/a68g/mp-mpfr.c
algol68g-3.5.5/src/a68g/genie-identifier.c
algol68g-3.5.5/src/a68g/rts-postgresql.c
algol68g-3.5.5/src/a68g/genie-formula.c
algol68g-3.5.5/src/a68g/a68g.c
algol68g-3.5.5/src/a68g/single-gamic.c
algol68g-3.5.5/src/a68g/single-rnd.c
algol68g-3.5.5/src/a68g/rts-char.c
algol68g-3.5.5/src/a68g/single-gsl.c
algol68g-3.5.5/src/a68g/parser-brackets.c
algol68g-3.5.5/src/a68g/rts-int128.c
algol68g-3.5.5/src/a68g/single-multivariate.c
algol68g-3.5.5/src/a68g/single-torrix-gsl.c
algol68g-3.5.5/src/a68g/plugin-folder.c
algol68g-3.5.5/src/a68g/single-python.c
algol68g-3.5.5/src/a68g/mp-pi.c
algol68g-3.5.5/src/a68g/parser-taxes.c
algol68g-3.5.5/src/a68g/genie-rows.c
algol68g-3.5.5/src/a68g/mp-genie.c
algol68g-3.5.5/src/a68g/rts-internal.c
algol68g-3.5.5/src/a68g/mp.c
algol68g-3.5.5/src/a68g/a68g-conversion.c
algol68g-3.5.5/src/a68g/single-laplace.c
algol68g-3.5.5/src/a68g/prelude-mathlib.c
algol68g-3.5.5/src/a68g/genie-misc.c
algol68g-3.5.5/src/a68g/rts-stowed.c
algol68g-3.5.5/src/a68g/genie-stowed.c
algol68g-3.5.5/src/a68g/plugin-gen.c
algol68g-3.5.5/src/a68g/rts-formatted.c
algol68g-3.5.5/src/a68g/parser-modes.c
algol68g-3.5.5/src/a68g/genie.c
algol68g-3.5.5/src/a68g/plugin-script.c
algol68g-3.5.5/src/a68g/rts-mach.c
algol68g-3.5.5/src/a68g/rts-sounds.c
algol68g-3.5.5/src/a68g/single-r-math.c
algol68g-3.5.5/src/a68g/a68g-keywords.c
algol68g-3.5.5/src/a68g/genie-coerce.c
algol68g-3.5.5/src/a68g/genie-unix.c
algol68g-3.5.5/src/a68g/parser-moids-equivalence.c
algol68g-3.5.5/src/a68g/plugin-inline.c
algol68g-3.5.5/src/a68g/single-math.c
algol68g-3.5.5/src/a68g/mp-bits.c
algol68g-3.5.5/src/a68g/moids-size.c
algol68g-3.5.5/src/a68g/genie-enclosed.c
algol68g-3.5.5/src/a68g/parser-bottom-up.c
algol68g-3.5.5/src/a68g/a68g-mem.c
algol68g-3.5.5/src/a68g/a68g-bits.c
algol68g-3.5.5/src/a68g/parser-top-down.c
algol68g-3.5.5/src/a68g/rts-plotutils.c
algol68g-3.5.5/src/a68g/single.c
algol68g-3.5.5/src/a68g/a68g-path.c
algol68g-3.5.5/src/a68g/plugin-tables.c
algol68g-3.5.5/src/a68g/a68g-diagnostics.c
algol68g-3.5.5/src/a68g/plugin.c
algol68g-3.5.5/src/a68g/genie-call.c
algol68g-3.5.5/src/a68g/rts-heap.c
algol68g-3.5.5/src/a68g/double-gamic.c
algol68g-3.5.5/src/a68g/a68g-postulates.c
algol68g-3.5.5/src/a68g/a68g-pretty.c
algol68g-3.5.5/src/a68g/double.c
algol68g-3.5.5/src/a68g/prelude-bits.c
algol68g-3.5.5/depcomp
algol68g-3.5.5/install-sh
algol68g-3.5.5/a68g-config.h.in
algol68g-3.5.5/Makefile.am
algol68g-3.5.5/README
algol68g-3.5.5/COPYING
algol68g-3.5.5/Makefile.in
algol68g-3.5.5/config.sub
algol68g-3.5.5/missing
algol68g-3.5.5/NEWS
algol68g-3.5.5/a68g-config.h
algol68g-3.5.5/AUTHORS
algol68g-3.5.5/configure
configure: WARNING: unrecognized options: --disable-static
configure: 
configure: algol68g-3.5.5
configure: 
configure: select host system...
checking build system type... x86_64-slackware-linux-gnu
checking host system type... x86_64-slackware-linux-gnu
checking target system type... x86_64-slackware-linux-gnu
checking platform... linux
checking for sed... yes
checking for tar... yes
checking for a BSD-compatible install... /usr/bin/ginstall -c
checking whether build environment is sane... yes
checking for a race-free mkdir -p... /usr/bin/mkdir -p
checking for gawk... gawk
checking whether make sets $(MAKE)... yes
checking whether make supports nested variables... yes
configure: select C compiler...
checking for gcc... gcc
checking whether the C compiler works... yes
checking for C compiler default output file name... a.out
checking for suffix of executables... 
checking whether we are cross compiling... no
checking for suffix of object files... o
checking whether the compiler supports GNU C... yes
checking whether gcc accepts -g... yes
checking for gcc option to enable C11 features... none needed
checking whether gcc understands -c and -o together... yes
checking whether make supports the include directive... yes (GNU style)
checking dependency style of gcc... gcc3
checking whether gcc accepts --std=c17... yes
checking whether gcc accepts -Wall... yes
checking whether gcc accepts -Wshadow... yes
checking whether gcc accepts -Wunused-variable... yes
checking whether gcc accepts -Wunused-parameter... yes
checking whether gcc accepts -Wno-long-long... yes
checking __attribute__((aligned())) supported... yes
checking for inline... inline
checking whether gcc accepts -Wl,--export-dynamic... yes
checking whether gcc accepts -fPIC... yes
checking how to run the C preprocessor... gcc -E
configure: check types...
checking for stdio.h... yes
checking for stdlib.h... yes
checking for string.h... yes
checking for inttypes.h... yes
checking for stdint.h... yes
checking for strings.h... yes
checking for sys/stat.h... yes
checking for sys/types.h... yes
checking for unistd.h... yes
checking whether char is unsigned... no
checking for mode_t... yes
checking for size_t... yes
checking for ssize_t... yes
checking for uint16_t... yes
checking __off_t or off_t... __off_t
checking __pid_t or pid_t... pid_t
checking __mode_t or mode_t... __mode_t
checking GNU C library... yes
configure: check extra include directories...
configure: check standard header files...
checking for math.h... yes
checking for cos in -lm... yes
checking whether math.h has signam... no
checking whether to enable assertions... yes
checking for dirent.h that defines DIR... yes
checking for library containing opendir... none required
checking for sys/wait.h that is POSIX.1 compatible... yes
checking for grep that handles long lines and -e... /usr/bin/grep
checking for egrep... /usr/bin/grep -E
checking whether termios.h defines TIOCGWINSZ... no
checking whether sys/ioctl.h defines TIOCGWINSZ... yes
checking for assert.h... yes
checking for complex.h... yes
checking for ctype.h... yes
checking for endian.h... yes
checking for errno.h... yes
checking for execinfo.h... yes
checking for fcntl.h... yes
checking for fenv.h... yes
checking for float.h... yes
checking for libgen.h... yes
checking for limits.h... yes
checking for regex.h... yes
checking for setjmp.h... yes
checking for signal.h... yes
checking for stdarg.h... yes
checking for stddef.h... yes
checking for stdio.h... (cached) yes
checking for stdlib.h... (cached) yes
checking for sys/ioctl.h... yes
checking for sys/resource.h... yes
checking for sys/time.h... yes
checking for termios.h... yes
checking for time.h... yes
checking for unistd.h... (cached) yes
configure: check standard functions...
checking for aligned_alloc... yes
checking for posix_memalign... yes
checking for isfinite... yes
checking for isinf... yes
checking for isnan... yes
configure: select optional headers and libraries...
checking int is 32 bit... yes
checking unsigned is 32 bit... yes
checking uint64_t is 64 bit... yes
checking double is 64 bit... yes
checking long double has 64-bit mantissa... yes
checking 64-bit long long int is available... yes
checking 64-bit long long unsigned is available... yes
checking __float128 is available... yes
checking __complex128 is available... yes
configure: quadmath...
checking for quadmath.h... yes
checking for lgammaq in -lquadmath... yes
configure: GNU MPFR...
checking for __gmpz_init in -lgmp... yes
checking for mpfr.h... yes
checking for mpfr_gamma in -lmpfr... yes
checking for mpfr_gamma_inc in -lmpfr... yes
checking for mpfr_get_float128 in -lmpfr... yes
checking for mpfr_set_float128 in -lmpfr... yes
configure: check POSIX pthreads...
checking for pthread.h... yes
checking for pthread_attr_getstacksize in -lpthread... yes
configure: check mathlib...
checking for Rmath.h... no
checking for ptukey in -lRmath... no
configure: check GNU Scientific Library...
checking for gsl-config... /usr/bin/gsl-config
checking for GSL - version >= 2.5... yes
checking for cblas_dgemm in -lgslcblas... yes
checking for gsl_blas_ddot in -lgsl... yes
checking for gsl/gsl_blas.h... yes
checking for gsl/gsl_complex.h... yes
checking for gsl/gsl_complex_math.h... yes
checking for gsl/gsl_eigen.h... yes
checking for gsl/gsl_errno.h... yes
checking for gsl/gsl_fft_complex.h... yes
checking for gsl/gsl_integration.h... yes
checking for gsl/gsl_linalg.h... yes
checking for gsl/gsl_math.h... yes
checking for gsl/gsl_matrix.h... yes
checking for gsl/gsl_permutation.h... yes
checking for gsl/gsl_sf.h... yes
checking for gsl/gsl_sf_ellint.h... yes
checking for gsl/gsl_sf_hermite.h... yes
checking for gsl/gsl_statistics.h... yes
checking for gsl/gsl_vector.h... yes
checking for gsl/gsl_version.h... yes
configure: check GNU plotutils...
checking for plot.h... no
checking for pl_alabel_r in -lplot... no
configure: check curses...
checking for pkg-config... /usr/bin/pkg-config
checking pkg-config is at least version 0.9.0... yes
checking for ncursesw via pkg-config... yes
checking for working ncursesw/curses.h... no
checking for working ncursesw.h... no
checking for working ncurses.h... yes
configure: check PostgreSQL...
checking for libpq-fe.h... no
checking for PQbackendPID in -lpq... no
configure: check internet...
configure: cURL...
checking for curl/curl.h... yes
checking for curl_easy_init in -lcurl... yes
configure: check dynamic loader via libdl...
checking for dlfcn.h... yes
checking for library containing dlopen... none required
checking that generated files are newer than configure... done
configure: creating ./config.status
config.status: creating Makefile
config.status: creating a68g-config.h
config.status: executing depfiles commands
configure: WARNING: unrecognized options: --disable-static
configure: 
configure: algol68g-3.5.5 by Marcel van der Veer <algol68g@xs4all.nl>
configure: 
configure: C compiler is gcc
configure: 
configure: building with long modes
configure: building with parallel clause
configure: building with GNU MPFR
configure: building with GNU Scientific Library
configure: building with curses
configure: building with curl
configure: building plugin compiler
configure: 
configure: Now enter 'make', optionally followed by 'make check'.
configure: Enter 'make install' to install a68g for all users.
configure: Consult the README file for more information.
make  all-am
make[1]: Entering directory '/home/omen/GITHUB/slackbuilds-current/rtz/a68g/work/algol68g-3.5.5'
gcc -DHAVE_CONFIG_H -I.  -I./src/include -D_DEFAULT_SOURCE -D_XOPEN_SOURCE=600  -DBINDIR='"/usr/bin"' -DINCLUDEDIR='"/usr/include"' -O2 -march=x86-64 -mtune=generic -fPIC --std=c17 -Wall -Wshadow -Wunused-variable -Wunused-parameter -Wno-long-long -MT ./src/a68g/a68g-a68g-apropos.o -MD -MP -MF ./src/a68g/.deps/a68g-a68g-apropos.Tpo -c -o ./src/a68g/a68g-a68g-apropos.o `test -f './src/a68g/a68g-apropos.c' || echo './'`./src/a68g/a68g-apropos.c
gcc -DHAVE_CONFIG_H -I.  -I./src/include -D_DEFAULT_SOURCE -D_XOPEN_SOURCE=600  -DBINDIR='"/usr/bin"' -DINCLUDEDIR='"/usr/include"' -O2 -march=x86-64 -mtune=generic -fPIC --std=c17 -Wall -Wshadow -Wunused-variable -Wunused-parameter -Wno-long-long -MT ./src/a68g/a68g-a68g-bits.o -MD -MP -MF ./src/a68g/.deps/a68g-a68g-bits.Tpo -c -o ./src/a68g/a68g-a68g-bits.o `test -f './src/a68g/a68g-bits.c' || echo './'`./src/a68g/a68g-bits.c
gcc -DHAVE_CONFIG_H -I.  -I./src/include -D_DEFAULT_SOURCE -D_XOPEN_SOURCE=600  -DBINDIR='"/usr/bin"' -DINCLUDEDIR='"/usr/include"' -O2 -march=x86-64 -mtune=generic -fPIC --std=c17 -Wall -Wshadow -Wunused-variable -Wunused-parameter -Wno-long-long -MT ./src/a68g/a68g-a68g.o -MD -MP -MF ./src/a68g/.deps/a68g-a68g.Tpo -c -o ./src/a68g/a68g-a68g.o `test -f './src/a68g/a68g.c' || echo './'`./src/a68g/a68g.c
gcc -DHAVE_CONFIG_H -I.  -I./src/include -D_DEFAULT_SOURCE -D_XOPEN_SOURCE=600  -DBINDIR='"/usr/bin"' -DINCLUDEDIR='"/usr/include"' -O2 -march=x86-64 -mtune=generic -fPIC --std=c17 -Wall -Wshadow -Wunused-variable -Wunused-parameter -Wno-long-long -MT ./src/a68g/a68g-a68g-conversion.o -MD -MP -MF ./src/a68g/.deps/a68g-a68g-conversion.Tpo -c -o ./src/a68g/a68g-a68g-conversion.o `test -f './src/a68g/a68g-conversion.c' || echo './'`./src/a68g/a68g-conversion.c
gcc -DHAVE_CONFIG_H -I.  -I./src/include -D_DEFAULT_SOURCE -D_XOPEN_SOURCE=600  -DBINDIR='"/usr/bin"' -DINCLUDEDIR='"/usr/include"' -O2 -march=x86-64 -mtune=generic -fPIC --std=c17 -Wall -Wshadow -Wunused-variable -Wunused-parameter -Wno-long-long -MT ./src/a68g/a68g-a68g-diagnostics.o -MD -MP -MF ./src/a68g/.deps/a68g-a68g-diagnostics.Tpo -c -o ./src/a68g/a68g-a68g-diagnostics.o `test -f './src/a68g/a68g-diagnostics.c' || echo './'`./src/a68g/a68g-diagnostics.c
gcc -DHAVE_CONFIG_H -I.  -I./src/include -D_DEFAULT_SOURCE -D_XOPEN_SOURCE=600  -DBINDIR='"/usr/bin"' -DINCLUDEDIR='"/usr/include"' -O2 -march=x86-64 -mtune=generic -fPIC --std=c17 -Wall -Wshadow -Wunused-variable -Wunused-parameter -Wno-long-long -MT ./src/a68g/a68g-a68g-io.o -MD -MP -MF ./src/a68g/.deps/a68g-a68g-io.Tpo -c -o ./src/a68g/a68g-a68g-io.o `test -f './src/a68g/a68g-io.c' || echo './'`./src/a68g/a68g-io.c
gcc -DHAVE_CONFIG_H -I.  -I./src/include -D_DEFAULT_SOURCE -D_XOPEN_SOURCE=600  -DBINDIR='"/usr/bin"' -DINCLUDEDIR='"/usr/include"' -O2 -march=x86-64 -mtune=generic -fPIC --std=c17 -Wall -Wshadow -Wunused-variable -Wunused-parameter -Wno-long-long -MT ./src/a68g/a68g-a68g-keywords.o -MD -MP -MF ./src/a68g/.deps/a68g-a68g-keywords.Tpo -c -o ./src/a68g/a68g-a68g-keywords.o `test -f './src/a68g/a68g-keywords.c' || echo './'`./src/a68g/a68g-keywords.c
gcc -DHAVE_CONFIG_H -I.  -I./src/include -D_DEFAULT_SOURCE -D_XOPEN_SOURCE=600  -DBINDIR='"/usr/bin"' -DINCLUDEDIR='"/usr/include"' -O2 -march=x86-64 -mtune=generic -fPIC --std=c17 -Wall -Wshadow -Wunused-variable -Wunused-parameter -Wno-long-long -MT ./src/a68g/a68g-a68g-listing.o -MD -MP -MF ./src/a68g/.deps/a68g-a68g-listing.Tpo -c -o ./src/a68g/a68g-a68g-listing.o `test -f './src/a68g/a68g-listing.c' || echo './'`./src/a68g/a68g-listing.c
gcc -DHAVE_CONFIG_H -I.  -I./src/include -D_DEFAULT_SOURCE -D_XOPEN_SOURCE=600  -DBINDIR='"/usr/bin"' -DINCLUDEDIR='"/usr/include"' -O2 -march=x86-64 -mtune=generic -fPIC --std=c17 -Wall -Wshadow -Wunused-variable -Wunused-parameter -Wno-long-long -MT ./src/a68g/a68g-a68g-mem.o -MD -MP -MF ./src/a68g/.deps/a68g-a68g-mem.Tpo -c -o ./src/a68g/a68g-a68g-mem.o `test -f './src/a68g/a68g-mem.c' || echo './'`./src/a68g/a68g-mem.c
gcc -DHAVE_CONFIG_H -I.  -I./src/include -D_DEFAULT_SOURCE -D_XOPEN_SOURCE=600  -DBINDIR='"/usr/bin"' -DINCLUDEDIR='"/usr/include"' -O2 -march=x86-64 -mtune=generic -fPIC --std=c17 -Wall -Wshadow -Wunused-variable -Wunused-parameter -Wno-long-long -MT ./src/a68g/a68g-a68g-non-terminal.o -MD -MP -MF ./src/a68g/.deps/a68g-a68g-non-terminal.Tpo -c -o ./src/a68g/a68g-a68g-non-terminal.o `test -f './src/a68g/a68g-non-terminal.c' || echo './'`./src/a68g/a68g-non-terminal.c
gcc -DHAVE_CONFIG_H -I.  -I./src/include -D_DEFAULT_SOURCE -D_XOPEN_SOURCE=600  -DBINDIR='"/usr/bin"' -DINCLUDEDIR='"/usr/include"' -O2 -march=x86-64 -mtune=generic -fPIC --std=c17 -Wall -Wshadow -Wunused-variable -Wunused-parameter -Wno-long-long -MT ./src/a68g/a68g-a68g-options.o -MD -MP -MF ./src/a68g/.deps/a68g-a68g-options.Tpo -c -o ./src/a68g/a68g-a68g-options.o `test -f './src/a68g/a68g-options.c' || echo './'`./src/a68g/a68g-options.c
gcc -DHAVE_CONFIG_H -I.  -I./src/include -D_DEFAULT_SOURCE -D_XOPEN_SOURCE=600  -DBINDIR='"/usr/bin"' -DINCLUDEDIR='"/usr/include"' -O2 -march=x86-64 -mtune=generic -fPIC --std=c17 -Wall -Wshadow -Wunused-variable -Wunused-parameter -Wno-long-long -MT ./src/a68g/a68g-a68g-path.o -MD -MP -MF ./src/a68g/.deps/a68g-a68g-path.Tpo -c -o ./src/a68g/a68g-a68g-path.o `test -f './src/a68g/a68g-path.c' || echo './'`./src/a68g/a68g-path.c
gcc -DHAVE_CONFIG_H -I.  -I./src/include -D_DEFAULT_SOURCE -D_XOPEN_SOURCE=600  -DBINDIR='"/usr/bin"' -DINCLUDEDIR='"/usr/include"' -O2 -march=x86-64 -mtune=generic -fPIC --std=c17 -Wall -Wshadow -Wunused-variable -Wunused-parameter -Wno-long-long -MT ./src/a68g/a68g-a68g-postulates.o -MD -MP -MF ./src/a68g/.deps/a68g-a68g-postulates.Tpo -c -o ./src/a68g/a68g-a68g-postulates.o `test -f './src/a68g/a68g-postulates.c' || echo './'`./src/a68g/a68g-postulates.c
gcc -DHAVE_CONFIG_H -I.  -I./src/include -D_DEFAULT_SOURCE -D_XOPEN_SOURCE=600  -DBINDIR='"/usr/bin"' -DINCLUDEDIR='"/usr/include"' -O2 -march=x86-64 -mtune=generic -fPIC --std=c17 -Wall -Wshadow -Wunused-variable -Wunused-parameter -Wno-long-long -MT ./src/a68g/a68g-a68g-pretty.o -MD -MP -MF ./src/a68g/.deps/a68g-a68g-pretty.Tpo -c -o ./src/a68g/a68g-a68g-pretty.o `test -f './src/a68g/a68g-pretty.c' || echo './'`./src/a68g/a68g-pretty.c
gcc -DHAVE_CONFIG_H -I.  -I./src/include -D_DEFAULT_SOURCE -D_XOPEN_SOURCE=600  -DBINDIR='"/usr/bin"' -DINCLUDEDIR='"/usr/include"' -O2 -march=x86-64 -mtune=generic -fPIC --std=c17 -Wall -Wshadow -Wunused-variable -Wunused-parameter -Wno-long-long -MT ./src/a68g/a68g-double.o -MD -MP -MF ./src/a68g/.deps/a68g-double.Tpo -c -o ./src/a68g/a68g-double.o `test -f './src/a68g/double.c' || echo './'`./src/a68g/double.c
gcc -DHAVE_CONFIG_H -I.  -I./src/include -D_DEFAULT_SOURCE -D_XOPEN_SOURCE=600  -DBINDIR='"/usr/bin"' -DINCLUDEDIR='"/usr/include"' -O2 -march=x86-64 -mtune=generic -fPIC --std=c17 -Wall -Wshadow -Wunused-variable -Wunused-parameter -Wno-long-long -MT ./src/a68g/a68g-double-gamic.o -MD -MP -MF ./src/a68g/.deps/a68g-double-gamic.Tpo -c -o ./src/a68g/a68g-double-gamic.o `test -f './src/a68g/double-gamic.c' || echo './'`./src/a68g/double-gamic.c
gcc -DHAVE_CONFIG_H -I.  -I./src/include -D_DEFAULT_SOURCE -D_XOPEN_SOURCE=600  -DBINDIR='"/usr/bin"' -DINCLUDEDIR='"/usr/include"' -O2 -march=x86-64 -mtune=generic -fPIC --std=c17 -Wall -Wshadow -Wunused-variable -Wunused-parameter -Wno-long-long -MT ./src/a68g/a68g-double-math.o -MD -MP -MF ./src/a68g/.deps/a68g-double-math.Tpo -c -o ./src/a68g/a68g-double-math.o `test -f './src/a68g/double-math.c' || echo './'`./src/a68g/double-math.c
gcc -DHAVE_CONFIG_H -I.  -I./src/include -D_DEFAULT_SOURCE -D_XOPEN_SOURCE=600  -DBINDIR='"/usr/bin"' -DINCLUDEDIR='"/usr/include"' -O2 -march=x86-64 -mtune=generic -fPIC --std=c17 -Wall -Wshadow -Wunused-variable -Wunused-parameter -Wno-long-long -MT ./src/a68g/a68g-genie-assign.o -MD -MP -MF ./src/a68g/.deps/a68g-genie-assign.Tpo -c -o ./src/a68g/a68g-genie-assign.o `test -f './src/a68g/genie-assign.c' || echo './'`./src/a68g/genie-assign.c
gcc -DHAVE_CONFIG_H -I.  -I./src/include -D_DEFAULT_SOURCE -D_XOPEN_SOURCE=600  -DBINDIR='"/usr/bin"' -DINCLUDEDIR='"/usr/include"' -O2 -march=x86-64 -mtune=generic -fPIC --std=c17 -Wall -Wshadow -Wunused-variable -Wunused-parameter -Wno-long-long -MT ./src/a68g/a68g-genie.o -MD -MP -MF ./src/a68g/.deps/a68g-genie.Tpo -c -o ./src/a68g/a68g-genie.o `test -f './src/a68g/genie.c' || echo './'`./src/a68g/genie.c
gcc -DHAVE_CONFIG_H -I.  -I./src/include -D_DEFAULT_SOURCE -D_XOPEN_SOURCE=600  -DBINDIR='"/usr/bin"' -DINCLUDEDIR='"/usr/include"' -O2 -march=x86-64 -mtune=generic -fPIC --std=c17 -Wall -Wshadow -Wunused-variable -Wunused-parameter -Wno-long-long -MT ./src/a68g/a68g-genie-call.o -MD -MP -MF ./src/a68g/.deps/a68g-genie-call.Tpo -c -o ./src/a68g/a68g-genie-call.o `test -f './src/a68g/genie-call.c' || echo './'`./src/a68g/genie-call.c
mv -f ./src/a68g/.deps/a68g-a68g-non-terminal.Tpo ./src/a68g/.deps/a68g-a68g-non-terminal.Po
gcc -DHAVE_CONFIG_H -I.  -I./src/include -D_DEFAULT_SOURCE -D_XOPEN_SOURCE=600  -DBINDIR='"/usr/bin"' -DINCLUDEDIR='"/usr/include"' -O2 -march=x86-64 -mtune=generic -fPIC --std=c17 -Wall -Wshadow -Wunused-variable -Wunused-parameter -Wno-long-long -MT ./src/a68g/a68g-genie-coerce.o -MD -MP -MF ./src/a68g/.deps/a68g-genie-coerce.Tpo -c -o ./src/a68g/a68g-genie-coerce.o `test -f './src/a68g/genie-coerce.c' || echo './'`./src/a68g/genie-coerce.c
mv -f ./src/a68g/.deps/a68g-a68g-conversion.Tpo ./src/a68g/.deps/a68g-a68g-conversion.Po
gcc -DHAVE_CONFIG_H -I.  -I./src/include -D_DEFAULT_SOURCE -D_XOPEN_SOURCE=600  -DBINDIR='"/usr/bin"' -DINCLUDEDIR='"/usr/include"' -O2 -march=x86-64 -mtune=generic -fPIC --std=c17 -Wall -Wshadow -Wunused-variable -Wunused-parameter -Wno-long-long -MT ./src/a68g/a68g-genie-declaration.o -MD -MP -MF ./src/a68g/.deps/a68g-genie-declaration.Tpo -c -o ./src/a68g/a68g-genie-declaration.o `test -f './src/a68g/genie-declaration.c' || echo './'`./src/a68g/genie-declaration.c
mv -f ./src/a68g/.deps/a68g-a68g-path.Tpo ./src/a68g/.deps/a68g-a68g-path.Po
gcc -DHAVE_CONFIG_H -I.  -I./src/include -D_DEFAULT_SOURCE -D_XOPEN_SOURCE=600  -DBINDIR='"/usr/bin"' -DINCLUDEDIR='"/usr/include"' -O2 -march=x86-64 -mtune=generic -fPIC --std=c17 -Wall -Wshadow -Wunused-variable -Wunused-parameter -Wno-long-long -MT ./src/a68g/a68g-genie-denotation.o -MD -MP -MF ./src/a68g/.deps/a68g-genie-denotation.Tpo -c -o ./src/a68g/a68g-genie-denotation.o `test -f './src/a68g/genie-denotation.c' || echo './'`./src/a68g/genie-denotation.c
mv -f ./src/a68g/.deps/a68g-a68g-keywords.Tpo ./src/a68g/.deps/a68g-a68g-keywords.Po
gcc -DHAVE_CONFIG_H -I.  -I./src/include -D_DEFAULT_SOURCE -D_XOPEN_SOURCE=600  -DBINDIR='"/usr/bin"' -DINCLUDEDIR='"/usr/include"' -O2 -march=x86-64 -mtune=generic -fPIC --std=c17 -Wall -Wshadow -Wunused-variable -Wunused-parameter -Wno-long-long -MT ./src/a68g/a68g-genie-enclosed.o -MD -MP -MF ./src/a68g/.deps/a68g-genie-enclosed.Tpo -c -o ./src/a68g/a68g-genie-enclosed.o `test -f './src/a68g/genie-enclosed.c' || echo './'`./src/a68g/genie-enclosed.c
mv -f ./src/a68g/.deps/a68g-a68g-io.Tpo ./src/a68g/.deps/a68g-a68g-io.Po
gcc -DHAVE_CONFIG_H -I.  -I./src/include -D_DEFAULT_SOURCE -D_XOPEN_SOURCE=600  -DBINDIR='"/usr/bin"' -DINCLUDEDIR='"/usr/include"' -O2 -march=x86-64 -mtune=generic -fPIC --std=c17 -Wall -Wshadow -Wunused-variable -Wunused-parameter -Wno-long-long -MT ./src/a68g/a68g-genie-formula.o -MD -MP -MF ./src/a68g/.deps/a68g-genie-formula.Tpo -c -o ./src/a68g/a68g-genie-formula.o `test -f './src/a68g/genie-formula.c' || echo './'`./src/a68g/genie-formula.c
mv -f ./src/a68g/.deps/a68g-a68g-postulates.Tpo ./src/a68g/.deps/a68g-a68g-postulates.Po
mv -f ./src/a68g/.deps/a68g-double-gamic.Tpo ./src/a68g/.deps/a68g-double-gamic.Po
gcc -DHAVE_CONFIG_H -I.  -I./src/include -D_DEFAULT_SOURCE -D_XOPEN_SOURCE=600  -DBINDIR='"/usr/bin"' -DINCLUDEDIR='"/usr/include"' -O2 -march=x86-64 -mtune=generic -fPIC --std=c17 -Wall -Wshadow -Wunused-variable -Wunused-parameter -Wno-long-long -MT ./src/a68g/a68g-genie-hip.o -MD -MP -MF ./src/a68g/.deps/a68g-genie-hip.Tpo -c -o ./src/a68g/a68g-genie-hip.o `test -f './src/a68g/genie-hip.c' || echo './'`./src/a68g/genie-hip.c
gcc -DHAVE_CONFIG_H -I.  -I./src/include -D_DEFAULT_SOURCE -D_XOPEN_SOURCE=600  -DBINDIR='"/usr/bin"' -DINCLUDEDIR='"/usr/include"' -O2 -march=x86-64 -mtune=generic -fPIC --std=c17 -Wall -Wshadow -Wunused-variable -Wunused-parameter -Wno-long-long -MT ./src/a68g/a68g-genie-identifier.o -MD -MP -MF ./src/a68g/.deps/a68g-genie-identifier.Tpo -c -o ./src/a68g/a68g-genie-identifier.o `test -f './src/a68g/genie-identifier.c' || echo './'`./src/a68g/genie-identifier.c
mv -f ./src/a68g/.deps/a68g-a68g-mem.Tpo ./src/a68g/.deps/a68g-a68g-mem.Po
mv -f ./src/a68g/.deps/a68g-a68g-apropos.Tpo ./src/a68g/.deps/a68g-a68g-apropos.Po
mv -f ./src/a68g/.deps/a68g-double-math.Tpo ./src/a68g/.deps/a68g-double-math.Po
gcc -DHAVE_CONFIG_H -I.  -I./src/include -D_DEFAULT_SOURCE -D_XOPEN_SOURCE=600  -DBINDIR='"/usr/bin"' -DINCLUDEDIR='"/usr/include"' -O2 -march=x86-64 -mtune=generic -fPIC --std=c17 -Wall -Wshadow -Wunused-variable -Wunused-parameter -Wno-long-long -MT ./src/a68g/a68g-genie-misc.o -MD -MP -MF ./src/a68g/.deps/a68g-genie-misc.Tpo -c -o ./src/a68g/a68g-genie-misc.o `test -f './src/a68g/genie-misc.c' || echo './'`./src/a68g/genie-misc.c
gcc -DHAVE_CONFIG_H -I.  -I./src/include -D_DEFAULT_SOURCE -D_XOPEN_SOURCE=600  -DBINDIR='"/usr/bin"' -DINCLUDEDIR='"/usr/include"' -O2 -march=x86-64 -mtune=generic -fPIC --std=c17 -Wall -Wshadow -Wunused-variable -Wunused-parameter -Wno-long-long -MT ./src/a68g/a68g-genie-regex.o -MD -MP -MF ./src/a68g/.deps/a68g-genie-regex.Tpo -c -o ./src/a68g/a68g-genie-regex.o `test -f './src/a68g/genie-regex.c' || echo './'`./src/a68g/genie-regex.c
gcc -DHAVE_CONFIG_H -I.  -I./src/include -D_DEFAULT_SOURCE -D_XOPEN_SOURCE=600  -DBINDIR='"/usr/bin"' -DINCLUDEDIR='"/usr/include"' -O2 -march=x86-64 -mtune=generic -fPIC --std=c17 -Wall -Wshadow -Wunused-variable -Wunused-parameter -Wno-long-long -MT ./src/a68g/a68g-genie-rows.o -MD -MP -MF ./src/a68g/.deps/a68g-genie-rows.Tpo -c -o ./src/a68g/a68g-genie-rows.o `test -f './src/a68g/genie-rows.c' || echo './'`./src/a68g/genie-rows.c
mv -f ./src/a68g/.deps/a68g-genie-assign.Tpo ./src/a68g/.deps/a68g-genie-assign.Po
gcc -DHAVE_CONFIG_H -I.  -I./src/include -D_DEFAULT_SOURCE -D_XOPEN_SOURCE=600  -DBINDIR='"/usr/bin"' -DINCLUDEDIR='"/usr/include"' -O2 -march=x86-64 -mtune=generic -fPIC --std=c17 -Wall -Wshadow -Wunused-variable -Wunused-parameter -Wno-long-long -MT ./src/a68g/a68g-genie-stowed.o -MD -MP -MF ./src/a68g/.deps/a68g-genie-stowed.Tpo -c -o ./src/a68g/a68g-genie-stowed.o `test -f './src/a68g/genie-stowed.c' || echo './'`./src/a68g/genie-stowed.c
mv -f ./src/a68g/.deps/a68g-a68g-bits.Tpo ./src/a68g/.deps/a68g-a68g-bits.Po
gcc -DHAVE_CONFIG_H -I.  -I./src/include -D_DEFAULT_SOURCE -D_XOPEN_SOURCE=600  -DBINDIR='"/usr/bin"' -DINCLUDEDIR='"/usr/include"' -O2 -march=x86-64 -mtune=generic -fPIC --std=c17 -Wall -Wshadow -Wunused-variable -Wunused-parameter -Wno-long-long -MT ./src/a68g/a68g-genie-unix.o -MD -MP -MF ./src/a68g/.deps/a68g-genie-unix.Tpo -c -o ./src/a68g/a68g-genie-unix.o `test -f './src/a68g/genie-unix.c' || echo './'`./src/a68g/genie-unix.c
mv -f ./src/a68g/.deps/a68g-genie-call.Tpo ./src/a68g/.deps/a68g-genie-call.Po
gcc -DHAVE_CONFIG_H -I.  -I./src/include -D_DEFAULT_SOURCE -D_XOPEN_SOURCE=600  -DBINDIR='"/usr/bin"' -DINCLUDEDIR='"/usr/include"' -O2 -march=x86-64 -mtune=generic -fPIC --std=c17 -Wall -Wshadow -Wunused-variable -Wunused-parameter -Wno-long-long -MT ./src/a68g/a68g-moids-diagnostics.o -MD -MP -MF ./src/a68g/.deps/a68g-moids-diagnostics.Tpo -c -o ./src/a68g/a68g-moids-diagnostics.o `test -f './src/a68g/moids-diagnostics.c' || echo './'`./src/a68g/moids-diagnostics.c
mv -f ./src/a68g/.deps/a68g-genie.Tpo ./src/a68g/.deps/a68g-genie.Po
mv -f ./src/a68g/.deps/a68g-a68g.Tpo ./src/a68g/.deps/a68g-a68g.Po
mv -f ./src/a68g/.deps/a68g-genie-identifier.Tpo ./src/a68g/.deps/a68g-genie-identifier.Po
gcc -DHAVE_CONFIG_H -I.  -I./src/include -D_DEFAULT_SOURCE -D_XOPEN_SOURCE=600  -DBINDIR='"/usr/bin"' -DINCLUDEDIR='"/usr/include"' -O2 -march=x86-64 -mtune=generic -fPIC --std=c17 -Wall -Wshadow -Wunused-variable -Wunused-parameter -Wno-long-long -MT ./src/a68g/a68g-moids-misc.o -MD -MP -MF ./src/a68g/.deps/a68g-moids-misc.Tpo -c -o ./src/a68g/a68g-moids-misc.o `test -f './src/a68g/moids-misc.c' || echo './'`./src/a68g/moids-misc.c
gcc -DHAVE_CONFIG_H -I.  -I./src/include -D_DEFAULT_SOURCE -D_XOPEN_SOURCE=600  -DBINDIR='"/usr/bin"' -DINCLUDEDIR='"/usr/include"' -O2 -march=x86-64 -mtune=generic -fPIC --std=c17 -Wall -Wshadow -Wunused-variable -Wunused-parameter -Wno-long-long -MT ./src/a68g/a68g-moids-size.o -MD -MP -MF ./src/a68g/.deps/a68g-moids-size.Tpo -c -o ./src/a68g/a68g-moids-size.o `test -f './src/a68g/moids-size.c' || echo './'`./src/a68g/moids-size.c
gcc -DHAVE_CONFIG_H -I.  -I./src/include -D_DEFAULT_SOURCE -D_XOPEN_SOURCE=600  -DBINDIR='"/usr/bin"' -DINCLUDEDIR='"/usr/include"' -O2 -march=x86-64 -mtune=generic -fPIC --std=c17 -Wall -Wshadow -Wunused-variable -Wunused-parameter -Wno-long-long -MT ./src/a68g/a68g-moids-to-string.o -MD -MP -MF ./src/a68g/.deps/a68g-moids-to-string.Tpo -c -o ./src/a68g/a68g-moids-to-string.o `test -f './src/a68g/moids-to-string.c' || echo './'`./src/a68g/moids-to-string.c
mv -f ./src/a68g/.deps/a68g-genie-denotation.Tpo ./src/a68g/.deps/a68g-genie-denotation.Po
mv -f ./src/a68g/.deps/a68g-genie-rows.Tpo ./src/a68g/.deps/a68g-genie-rows.Po
gcc -DHAVE_CONFIG_H -I.  -I./src/include -D_DEFAULT_SOURCE -D_XOPEN_SOURCE=600  -DBINDIR='"/usr/bin"' -DINCLUDEDIR='"/usr/include"' -O2 -march=x86-64 -mtune=generic -fPIC --std=c17 -Wall -Wshadow -Wunused-variable -Wunused-parameter -Wno-long-long -MT ./src/a68g/a68g-mp-bits.o -MD -MP -MF ./src/a68g/.deps/a68g-mp-bits.Tpo -c -o ./src/a68g/a68g-mp-bits.o `test -f './src/a68g/mp-bits.c' || echo './'`./src/a68g/mp-bits.c
gcc -DHAVE_CONFIG_H -I.  -I./src/include -D_DEFAULT_SOURCE -D_XOPEN_SOURCE=600  -DBINDIR='"/usr/bin"' -DINCLUDEDIR='"/usr/include"' -O2 -march=x86-64 -mtune=generic -fPIC --std=c17 -Wall -Wshadow -Wunused-variable -Wunused-parameter -Wno-long-long -MT ./src/a68g/a68g-mp.o -MD -MP -MF ./src/a68g/.deps/a68g-mp.Tpo -c -o ./src/a68g/a68g-mp.o `test -f './src/a68g/mp.c' || echo './'`./src/a68g/mp.c
mv -f ./src/a68g/.deps/a68g-genie-misc.Tpo ./src/a68g/.deps/a68g-genie-misc.Po
gcc -DHAVE_CONFIG_H -I.  -I./src/include -D_DEFAULT_SOURCE -D_XOPEN_SOURCE=600  -DBINDIR='"/usr/bin"' -DINCLUDEDIR='"/usr/include"' -O2 -march=x86-64 -mtune=generic -fPIC --std=c17 -Wall -Wshadow -Wunused-variable -Wunused-parameter -Wno-long-long -MT ./src/a68g/a68g-mp-complex.o -MD -MP -MF ./src/a68g/.deps/a68g-mp-complex.Tpo -c -o ./src/a68g/a68g-mp-complex.o `test -f './src/a68g/mp-complex.c' || echo './'`./src/a68g/mp-complex.c
mv -f ./src/a68g/.deps/a68g-genie-declaration.Tpo ./src/a68g/.deps/a68g-genie-declaration.Po
gcc -DHAVE_CONFIG_H -I.  -I./src/include -D_DEFAULT_SOURCE -D_XOPEN_SOURCE=600  -DBINDIR='"/usr/bin"' -DINCLUDEDIR='"/usr/include"' -O2 -march=x86-64 -mtune=generic -fPIC --std=c17 -Wall -Wshadow -Wunused-variable -Wunused-parameter -Wno-long-long -MT ./src/a68g/a68g-mp-gamic.o -MD -MP -MF ./src/a68g/.deps/a68g-mp-gamic.Tpo -c -o ./src/a68g/a68g-mp-gamic.o `test -f './src/a68g/mp-gamic.c' || echo './'`./src/a68g/mp-gamic.c
mv -f ./src/a68g/.deps/a68g-a68g-pretty.Tpo ./src/a68g/.deps/a68g-a68g-pretty.Po
gcc -DHAVE_CONFIG_H -I.  -I./src/include -D_DEFAULT_SOURCE -D_XOPEN_SOURCE=600  -DBINDIR='"/usr/bin"' -DINCLUDEDIR='"/usr/include"' -O2 -march=x86-64 -mtune=generic -fPIC --std=c17 -Wall -Wshadow -Wunused-variable -Wunused-parameter -Wno-long-long -MT ./src/a68g/a68g-mp-gamma.o -MD -MP -MF ./src/a68g/.deps/a68g-mp-gamma.Tpo -c -o ./src/a68g/a68g-mp-gamma.o `test -f './src/a68g/mp-gamma.c' || echo './'`./src/a68g/mp-gamma.c
mv -f ./src/a68g/.deps/a68g-genie-formula.Tpo ./src/a68g/.deps/a68g-genie-formula.Po
gcc -DHAVE_CONFIG_H -I.  -I./src/include -D_DEFAULT_SOURCE -D_XOPEN_SOURCE=600  -DBINDIR='"/usr/bin"' -DINCLUDEDIR='"/usr/include"' -O2 -march=x86-64 -mtune=generic -fPIC --std=c17 -Wall -Wshadow -Wunused-variable -Wunused-parameter -Wno-long-long -MT ./src/a68g/a68g-mp-genie.o -MD -MP -MF ./src/a68g/.deps/a68g-mp-genie.Tpo -c -o ./src/a68g/a68g-mp-genie.o `test -f './src/a68g/mp-genie.c' || echo './'`./src/a68g/mp-genie.c
mv -f ./src/a68g/.deps/a68g-genie-regex.Tpo ./src/a68g/.deps/a68g-genie-regex.Po
mv -f ./src/a68g/.deps/a68g-a68g-listing.Tpo ./src/a68g/.deps/a68g-a68g-listing.Po
gcc -DHAVE_CONFIG_H -I.  -I./src/include -D_DEFAULT_SOURCE -D_XOPEN_SOURCE=600  -DBINDIR='"/usr/bin"' -DINCLUDEDIR='"/usr/include"' -O2 -march=x86-64 -mtune=generic -fPIC --std=c17 -Wall -Wshadow -Wunused-variable -Wunused-parameter -Wno-long-long -MT ./src/a68g/a68g-mp-math.o -MD -MP -MF ./src/a68g/.deps/a68g-mp-math.Tpo -c -o ./src/a68g/a68g-mp-math.o `test -f './src/a68g/mp-math.c' || echo './'`./src/a68g/mp-math.c
gcc -DHAVE_CONFIG_H -I.  -I./src/include -D_DEFAULT_SOURCE -D_XOPEN_SOURCE=600  -DBINDIR='"/usr/bin"' -DINCLUDEDIR='"/usr/include"' -O2 -march=x86-64 -mtune=generic -fPIC --std=c17 -Wall -Wshadow -Wunused-variable -Wunused-parameter -Wno-long-long -MT ./src/a68g/a68g-mp-mpfr.o -MD -MP -MF ./src/a68g/.deps/a68g-mp-mpfr.Tpo -c -o ./src/a68g/a68g-mp-mpfr.o `test -f './src/a68g/mp-mpfr.c' || echo './'`./src/a68g/mp-mpfr.c
mv -f ./src/a68g/.deps/a68g-genie-hip.Tpo ./src/a68g/.deps/a68g-genie-hip.Po
gcc -DHAVE_CONFIG_H -I.  -I./src/include -D_DEFAULT_SOURCE -D_XOPEN_SOURCE=600  -DBINDIR='"/usr/bin"' -DINCLUDEDIR='"/usr/include"' -O2 -march=x86-64 -mtune=generic -fPIC --std=c17 -Wall -Wshadow -Wunused-variable -Wunused-parameter -Wno-long-long -MT ./src/a68g/a68g-mp-pi.o -MD -MP -MF ./src/a68g/.deps/a68g-mp-pi.Tpo -c -o ./src/a68g/a68g-mp-pi.o `test -f './src/a68g/mp-pi.c' || echo './'`./src/a68g/mp-pi.c
mv -f ./src/a68g/.deps/a68g-mp-bits.Tpo ./src/a68g/.deps/a68g-mp-bits.Po
gcc -DHAVE_CONFIG_H -I.  -I./src/include -D_DEFAULT_SOURCE -D_XOPEN_SOURCE=600  -DBINDIR='"/usr/bin"' -DINCLUDEDIR='"/usr/include"' -O2 -march=x86-64 -mtune=generic -fPIC --std=c17 -Wall -Wshadow -Wunused-variable -Wunused-parameter -Wno-long-long -MT ./src/a68g/a68g-parser-bottom-up.o -MD -MP -MF ./src/a68g/.deps/a68g-parser-bottom-up.Tpo -c -o ./src/a68g/a68g-parser-bottom-up.o `test -f './src/a68g/parser-bottom-up.c' || echo './'`./src/a68g/parser-bottom-up.c
mv -f ./src/a68g/.deps/a68g-a68g-diagnostics.Tpo ./src/a68g/.deps/a68g-a68g-diagnostics.Po
gcc -DHAVE_CONFIG_H -I.  -I./src/include -D_DEFAULT_SOURCE -D_XOPEN_SOURCE=600  -DBINDIR='"/usr/bin"' -DINCLUDEDIR='"/usr/include"' -O2 -march=x86-64 -mtune=generic -fPIC --std=c17 -Wall -Wshadow -Wunused-variable -Wunused-parameter -Wno-long-long -MT ./src/a68g/a68g-parser-brackets.o -MD -MP -MF ./src/a68g/.deps/a68g-parser-brackets.Tpo -c -o ./src/a68g/a68g-parser-brackets.o `test -f './src/a68g/parser-brackets.c' || echo './'`./src/a68g/parser-brackets.c
mv -f ./src/a68g/.deps/a68g-genie-stowed.Tpo ./src/a68g/.deps/a68g-genie-stowed.Po
gcc -DHAVE_CONFIG_H -I.  -I./src/include -D_DEFAULT_SOURCE -D_XOPEN_SOURCE=600  -DBINDIR='"/usr/bin"' -DINCLUDEDIR='"/usr/include"' -O2 -march=x86-64 -mtune=generic -fPIC --std=c17 -Wall -Wshadow -Wunused-variable -Wunused-parameter -Wno-long-long -MT ./src/a68g/a68g-parser.o -MD -MP -MF ./src/a68g/.deps/a68g-parser.Tpo -c -o ./src/a68g/a68g-parser.o `test -f './src/a68g/parser.c' || echo './'`./src/a68g/parser.c
mv -f ./src/a68g/.deps/a68g-a68g-options.Tpo ./src/a68g/.deps/a68g-a68g-options.Po
mv -f ./src/a68g/.deps/a68g-moids-size.Tpo ./src/a68g/.deps/a68g-moids-size.Po
gcc -DHAVE_CONFIG_H -I.  -I./src/include -D_DEFAULT_SOURCE -D_XOPEN_SOURCE=600  -DBINDIR='"/usr/bin"' -DINCLUDEDIR='"/usr/include"' -O2 -march=x86-64 -mtune=generic -fPIC --std=c17 -Wall -Wshadow -Wunused-variable -Wunused-parameter -Wno-long-long -MT ./src/a68g/a68g-parser-extract.o -MD -MP -MF ./src/a68g/.deps/a68g-parser-extract.Tpo -c -o ./src/a68g/a68g-parser-extract.o `test -f './src/a68g/parser-extract.c' || echo './'`./src/a68g/parser-extract.c
gcc -DHAVE_CONFIG_H -I.  -I./src/include -D_DEFAULT_SOURCE -D_XOPEN_SOURCE=600  -DBINDIR='"/usr/bin"' -DINCLUDEDIR='"/usr/include"' -O2 -march=x86-64 -mtune=generic -fPIC --std=c17 -Wall -Wshadow -Wunused-variable -Wunused-parameter -Wno-long-long -MT ./src/a68g/a68g-parser-modes.o -MD -MP -MF ./src/a68g/.deps/a68g-parser-modes.Tpo -c -o ./src/a68g/a68g-parser-modes.o `test -f './src/a68g/parser-modes.c' || echo './'`./src/a68g/parser-modes.c
mv -f ./src/a68g/.deps/a68g-moids-diagnostics.Tpo ./src/a68g/.deps/a68g-moids-diagnostics.Po
gcc -DHAVE_CONFIG_H -I.  -I./src/include -D_DEFAULT_SOURCE -D_XOPEN_SOURCE=600  -DBINDIR='"/usr/bin"' -DINCLUDEDIR='"/usr/include"' -O2 -march=x86-64 -mtune=generic -fPIC --std=c17 -Wall -Wshadow -Wunused-variable -Wunused-parameter -Wno-long-long -MT ./src/a68g/a68g-parser-moids-check.o -MD -MP -MF ./src/a68g/.deps/a68g-parser-moids-check.Tpo -c -o ./src/a68g/a68g-parser-moids-check.o `test -f './src/a68g/parser-moids-check.c' || echo './'`./src/a68g/parser-moids-check.c
mv -f ./src/a68g/.deps/a68g-moids-to-string.Tpo ./src/a68g/.deps/a68g-moids-to-string.Po
gcc -DHAVE_CONFIG_H -I.  -I./src/include -D_DEFAULT_SOURCE -D_XOPEN_SOURCE=600  -DBINDIR='"/usr/bin"' -DINCLUDEDIR='"/usr/include"' -O2 -march=x86-64 -mtune=generic -fPIC --std=c17 -Wall -Wshadow -Wunused-variable -Wunused-parameter -Wno-long-long -MT ./src/a68g/a68g-parser-moids-coerce.o -MD -MP -MF ./src/a68g/.deps/a68g-parser-moids-coerce.Tpo -c -o ./src/a68g/a68g-parser-moids-coerce.o `test -f './src/a68g/parser-moids-coerce.c' || echo './'`./src/a68g/parser-moids-coerce.c
mv -f ./src/a68g/.deps/a68g-genie-coerce.Tpo ./src/a68g/.deps/a68g-genie-coerce.Po
gcc -DHAVE_CONFIG_H -I.  -I./src/include -D_DEFAULT_SOURCE -D_XOPEN_SOURCE=600  -DBINDIR='"/usr/bin"' -DINCLUDEDIR='"/usr/include"' -O2 -march=x86-64 -mtune=generic -fPIC --std=c17 -Wall -Wshadow -Wunused-variable -Wunused-parameter -Wno-long-long -MT ./src/a68g/a68g-parser-moids-equivalence.o -MD -MP -MF ./src/a68g/.deps/a68g-parser-moids-equivalence.Tpo -c -o ./src/a68g/a68g-parser-moids-equivalence.o `test -f './src/a68g/parser-moids-equivalence.c' || echo './'`./src/a68g/parser-moids-equivalence.c
mv -f ./src/a68g/.deps/a68g-mp-pi.Tpo ./src/a68g/.deps/a68g-mp-pi.Po
gcc -DHAVE_CONFIG_H -I.  -I./src/include -D_DEFAULT_SOURCE -D_XOPEN_SOURCE=600  -DBINDIR='"/usr/bin"' -DINCLUDEDIR='"/usr/include"' -O2 -march=x86-64 -mtune=generic -fPIC --std=c17 -Wall -Wshadow -Wunused-variable -Wunused-parameter -Wno-long-long -MT ./src/a68g/a68g-parser-refinement.o -MD -MP -MF ./src/a68g/.deps/a68g-parser-refinement.Tpo -c -o ./src/a68g/a68g-parser-refinement.o `test -f './src/a68g/parser-refinement.c' || echo './'`./src/a68g/parser-refinement.c
mv -f ./src/a68g/.deps/a68g-genie-unix.Tpo ./src/a68g/.deps/a68g-genie-unix.Po
gcc -DHAVE_CONFIG_H -I.  -I./src/include -D_DEFAULT_SOURCE -D_XOPEN_SOURCE=600  -DBINDIR='"/usr/bin"' -DINCLUDEDIR='"/usr/include"' -O2 -march=x86-64 -mtune=generic -fPIC --std=c17 -Wall -Wshadow -Wunused-variable -Wunused-parameter -Wno-long-long -MT ./src/a68g/a68g-parser-scanner.o -MD -MP -MF ./src/a68g/.deps/a68g-parser-scanner.Tpo -c -o ./src/a68g/a68g-parser-scanner.o `test -f './src/a68g/parser-scanner.c' || echo './'`./src/a68g/parser-scanner.c
mv -f ./src/a68g/.deps/a68g-genie-enclosed.Tpo ./src/a68g/.deps/a68g-genie-enclosed.Po
gcc -DHAVE_CONFIG_H -I.  -I./src/include -D_DEFAULT_SOURCE -D_XOPEN_SOURCE=600  -DBINDIR='"/usr/bin"' -DINCLUDEDIR='"/usr/include"' -O2 -march=x86-64 -mtune=generic -fPIC --std=c17 -Wall -Wshadow -Wunused-variable -Wunused-parameter -Wno-long-long -MT ./src/a68g/a68g-parser-scope.o -MD -MP -MF ./src/a68g/.deps/a68g-parser-scope.Tpo -c -o ./src/a68g/a68g-parser-scope.o `test -f './src/a68g/parser-scope.c' || echo './'`./src/a68g/parser-scope.c
mv -f ./src/a68g/.deps/a68g-parser-brackets.Tpo ./src/a68g/.deps/a68g-parser-brackets.Po
gcc -DHAVE_CONFIG_H -I.  -I./src/include -D_DEFAULT_SOURCE -D_XOPEN_SOURCE=600  -DBINDIR='"/usr/bin"' -DINCLUDEDIR='"/usr/include"' -O2 -march=x86-64 -mtune=generic -fPIC --std=c17 -Wall -Wshadow -Wunused-variable -Wunused-parameter -Wno-long-long -MT ./src/a68g/a68g-parser-taxes.o -MD -MP -MF ./src/a68g/.deps/a68g-parser-taxes.Tpo -c -o ./src/a68g/a68g-parser-taxes.o `test -f './src/a68g/parser-taxes.c' || echo './'`./src/a68g/parser-taxes.c
mv -f ./src/a68g/.deps/a68g-parser-moids-equivalence.Tpo ./src/a68g/.deps/a68g-parser-moids-equivalence.Po
gcc -DHAVE_CONFIG_H -I.  -I./src/include -D_DEFAULT_SOURCE -D_XOPEN_SOURCE=600  -DBINDIR='"/usr/bin"' -DINCLUDEDIR='"/usr/include"' -O2 -march=x86-64 -mtune=generic -fPIC --std=c17 -Wall -Wshadow -Wunused-variable -Wunused-parameter -Wno-long-long -MT ./src/a68g/a68g-parser-top-down.o -MD -MP -MF ./src/a68g/.deps/a68g-parser-top-down.Tpo -c -o ./src/a68g/a68g-parser-top-down.o `test -f './src/a68g/parser-top-down.c' || echo './'`./src/a68g/parser-top-down.c
mv -f ./src/a68g/.deps/a68g-moids-misc.Tpo ./src/a68g/.deps/a68g-moids-misc.Po
gcc -DHAVE_CONFIG_H -I.  -I./src/include -D_DEFAULT_SOURCE -D_XOPEN_SOURCE=600  -DBINDIR='"/usr/bin"' -DINCLUDEDIR='"/usr/include"' -O2 -march=x86-64 -mtune=generic -fPIC --std=c17 -Wall -Wshadow -Wunused-variable -Wunused-parameter -Wno-long-long -MT ./src/a68g/a68g-parser-victal.o -MD -MP -MF ./src/a68g/.deps/a68g-parser-victal.Tpo -c -o ./src/a68g/a68g-parser-victal.o `test -f './src/a68g/parser-victal.c' || echo './'`./src/a68g/parser-victal.c
mv -f ./src/a68g/.deps/a68g-mp-mpfr.Tpo ./src/a68g/.deps/a68g-mp-mpfr.Po
gcc -DHAVE_CONFIG_H -I.  -I./src/include -D_DEFAULT_SOURCE -D_XOPEN_SOURCE=600  -DBINDIR='"/usr/bin"' -DINCLUDEDIR='"/usr/include"' -O2 -march=x86-64 -mtune=generic -fPIC --std=c17 -Wall -Wshadow -Wunused-variable -Wunused-parameter -Wno-long-long -MT ./src/a68g/a68g-plugin-basic.o -MD -MP -MF ./src/a68g/.deps/a68g-plugin-basic.Tpo -c -o ./src/a68g/a68g-plugin-basic.o `test -f './src/a68g/plugin-basic.c' || echo './'`./src/a68g/plugin-basic.c
mv -f ./src/a68g/.deps/a68g-parser-refinement.Tpo ./src/a68g/.deps/a68g-parser-refinement.Po
gcc -DHAVE_CONFIG_H -I.  -I./src/include -D_DEFAULT_SOURCE -D_XOPEN_SOURCE=600  -DBINDIR='"/usr/bin"' -DINCLUDEDIR='"/usr/include"' -O2 -march=x86-64 -mtune=generic -fPIC --std=c17 -Wall -Wshadow -Wunused-variable -Wunused-parameter -Wno-long-long -MT ./src/a68g/a68g-plugin.o -MD -MP -MF ./src/a68g/.deps/a68g-plugin.Tpo -c -o ./src/a68g/a68g-plugin.o `test -f './src/a68g/plugin.c' || echo './'`./src/a68g/plugin.c
mv -f ./src/a68g/.deps/a68g-parser-extract.Tpo ./src/a68g/.deps/a68g-parser-extract.Po
gcc -DHAVE_CONFIG_H -I.  -I./src/include -D_DEFAULT_SOURCE -D_XOPEN_SOURCE=600  -DBINDIR='"/usr/bin"' -DINCLUDEDIR='"/usr/include"' -O2 -march=x86-64 -mtune=generic -fPIC --std=c17 -Wall -Wshadow -Wunused-variable -Wunused-parameter -Wno-long-long -MT ./src/a68g/a68g-plugin-driver.o -MD -MP -MF ./src/a68g/.deps/a68g-plugin-driver.Tpo -c -o ./src/a68g/a68g-plugin-driver.o `test -f './src/a68g/plugin-driver.c' || echo './'`./src/a68g/plugin-driver.c
mv -f ./src/a68g/.deps/a68g-parser.Tpo ./src/a68g/.deps/a68g-parser.Po
gcc -DHAVE_CONFIG_H -I.  -I./src/include -D_DEFAULT_SOURCE -D_XOPEN_SOURCE=600  -DBINDIR='"/usr/bin"' -DINCLUDEDIR='"/usr/include"' -O2 -march=x86-64 -mtune=generic -fPIC --std=c17 -Wall -Wshadow -Wunused-variable -Wunused-parameter -Wno-long-long -MT ./src/a68g/a68g-plugin-folder.o -MD -MP -MF ./src/a68g/.deps/a68g-plugin-folder.Tpo -c -o ./src/a68g/a68g-plugin-folder.o `test -f './src/a68g/plugin-folder.c' || echo './'`./src/a68g/plugin-folder.c
mv -f ./src/a68g/.deps/a68g-mp-gamma.Tpo ./src/a68g/.deps/a68g-mp-gamma.Po
gcc -DHAVE_CONFIG_H -I.  -I./src/include -D_DEFAULT_SOURCE -D_XOPEN_SOURCE=600  -DBINDIR='"/usr/bin"' -DINCLUDEDIR='"/usr/include"' -O2 -march=x86-64 -mtune=generic -fPIC --std=c17 -Wall -Wshadow -Wunused-variable -Wunused-parameter -Wno-long-long -MT ./src/a68g/a68g-plugin-gen.o -MD -MP -MF ./src/a68g/.deps/a68g-plugin-gen.Tpo -c -o ./src/a68g/a68g-plugin-gen.o `test -f './src/a68g/plugin-gen.c' || echo './'`./src/a68g/plugin-gen.c
mv -f ./src/a68g/.deps/a68g-parser-victal.Tpo ./src/a68g/.deps/a68g-parser-victal.Po
gcc -DHAVE_CONFIG_H -I.  -I./src/include -D_DEFAULT_SOURCE -D_XOPEN_SOURCE=600  -DBINDIR='"/usr/bin"' -DINCLUDEDIR='"/usr/include"' -O2 -march=x86-64 -mtune=generic -fPIC --std=c17 -Wall -Wshadow -Wunused-variable -Wunused-parameter -Wno-long-long -MT ./src/a68g/a68g-plugin-inline.o -MD -MP -MF ./src/a68g/.deps/a68g-plugin-inline.Tpo -c -o ./src/a68g/a68g-plugin-inline.o `test -f './src/a68g/plugin-inline.c' || echo './'`./src/a68g/plugin-inline.c
mv -f ./src/a68g/.deps/a68g-parser-moids-coerce.Tpo ./src/a68g/.deps/a68g-parser-moids-coerce.Po
gcc -DHAVE_CONFIG_H -I.  -I./src/include -D_DEFAULT_SOURCE -D_XOPEN_SOURCE=600  -DBINDIR='"/usr/bin"' -DINCLUDEDIR='"/usr/include"' -O2 -march=x86-64 -mtune=generic -fPIC --std=c17 -Wall -Wshadow -Wunused-variable -Wunused-parameter -Wno-long-long -MT ./src/a68g/a68g-plugin-script.o -MD -MP -MF ./src/a68g/.deps/a68g-plugin-script.Tpo -c -o ./src/a68g/a68g-plugin-script.o `test -f './src/a68g/plugin-script.c' || echo './'`./src/a68g/plugin-script.c
mv -f ./src/a68g/.deps/a68g-parser-modes.Tpo ./src/a68g/.deps/a68g-parser-modes.Po
gcc -DHAVE_CONFIG_H -I.  -I./src/include -D_DEFAULT_SOURCE -D_XOPEN_SOURCE=600  -DBINDIR='"/usr/bin"' -DINCLUDEDIR='"/usr/include"' -O2 -march=x86-64 -mtune=generic -fPIC --std=c17 -Wall -Wshadow -Wunused-variable -Wunused-parameter -Wno-long-long -MT ./src/a68g/a68g-plugin-tables.o -MD -MP -MF ./src/a68g/.deps/a68g-plugin-tables.Tpo -c -o ./src/a68g/a68g-plugin-tables.o `test -f './src/a68g/plugin-tables.c' || echo './'`./src/a68g/plugin-tables.c
mv -f ./src/a68g/.deps/a68g-plugin-driver.Tpo ./src/a68g/.deps/a68g-plugin-driver.Po
gcc -DHAVE_CONFIG_H -I.  -I./src/include -D_DEFAULT_SOURCE -D_XOPEN_SOURCE=600  -DBINDIR='"/usr/bin"' -DINCLUDEDIR='"/usr/include"' -O2 -march=x86-64 -mtune=generic -fPIC --std=c17 -Wall -Wshadow -Wunused-variable -Wunused-parameter -Wno-long-long -MT ./src/a68g/a68g-prelude-bits.o -MD -MP -MF ./src/a68g/.deps/a68g-prelude-bits.Tpo -c -o ./src/a68g/a68g-prelude-bits.o `test -f './src/a68g/prelude-bits.c' || echo './'`./src/a68g/prelude-bits.c
mv -f ./src/a68g/.deps/a68g-plugin-basic.Tpo ./src/a68g/.deps/a68g-plugin-basic.Po
gcc -DHAVE_CONFIG_H -I.  -I./src/include -D_DEFAULT_SOURCE -D_XOPEN_SOURCE=600  -DBINDIR='"/usr/bin"' -DINCLUDEDIR='"/usr/include"' -O2 -march=x86-64 -mtune=generic -fPIC --std=c17 -Wall -Wshadow -Wunused-variable -Wunused-parameter -Wno-long-long -MT ./src/a68g/a68g-prelude.o -MD -MP -MF ./src/a68g/.deps/a68g-prelude.Tpo -c -o ./src/a68g/a68g-prelude.o `test -f './src/a68g/prelude.c' || echo './'`./src/a68g/prelude.c
mv -f ./src/a68g/.deps/a68g-parser-top-down.Tpo ./src/a68g/.deps/a68g-parser-top-down.Po
gcc -DHAVE_CONFIG_H -I.  -I./src/include -D_DEFAULT_SOURCE -D_XOPEN_SOURCE=600  -DBINDIR='"/usr/bin"' -DINCLUDEDIR='"/usr/include"' -O2 -march=x86-64 -mtune=generic -fPIC --std=c17 -Wall -Wshadow -Wunused-variable -Wunused-parameter -Wno-long-long -MT ./src/a68g/a68g-prelude-gsl.o -MD -MP -MF ./src/a68g/.deps/a68g-prelude-gsl.Tpo -c -o ./src/a68g/a68g-prelude-gsl.o `test -f './src/a68g/prelude-gsl.c' || echo './'`./src/a68g/prelude-gsl.c
mv -f ./src/a68g/.deps/a68g-plugin-tables.Tpo ./src/a68g/.deps/a68g-plugin-tables.Po
gcc -DHAVE_CONFIG_H -I.  -I./src/include -D_DEFAULT_SOURCE -D_XOPEN_SOURCE=600  -DBINDIR='"/usr/bin"' -DINCLUDEDIR='"/usr/include"' -O2 -march=x86-64 -mtune=generic -fPIC --std=c17 -Wall -Wshadow -Wunused-variable -Wunused-parameter -Wno-long-long -MT ./src/a68g/a68g-prelude-mathlib.o -MD -MP -MF ./src/a68g/.deps/a68g-prelude-mathlib.Tpo -c -o ./src/a68g/a68g-prelude-mathlib.o `test -f './src/a68g/prelude-mathlib.c' || echo './'`./src/a68g/prelude-mathlib.c
mv -f ./src/a68g/.deps/a68g-prelude-bits.Tpo ./src/a68g/.deps/a68g-prelude-bits.Po
gcc -DHAVE_CONFIG_H -I.  -I./src/include -D_DEFAULT_SOURCE -D_XOPEN_SOURCE=600  -DBINDIR='"/usr/bin"' -DINCLUDEDIR='"/usr/include"' -O2 -march=x86-64 -mtune=generic -fPIC --std=c17 -Wall -Wshadow -Wunused-variable -Wunused-parameter -Wno-long-long -MT ./src/a68g/a68g-rts-bool.o -MD -MP -MF ./src/a68g/.deps/a68g-rts-bool.Tpo -c -o ./src/a68g/a68g-rts-bool.o `test -f './src/a68g/rts-bool.c' || echo './'`./src/a68g/rts-bool.c
mv -f ./src/a68g/.deps/a68g-parser-scope.Tpo ./src/a68g/.deps/a68g-parser-scope.Po
gcc -DHAVE_CONFIG_H -I.  -I./src/include -D_DEFAULT_SOURCE -D_XOPEN_SOURCE=600  -DBINDIR='"/usr/bin"' -DINCLUDEDIR='"/usr/include"' -O2 -march=x86-64 -mtune=generic -fPIC --std=c17 -Wall -Wshadow -Wunused-variable -Wunused-parameter -Wno-long-long -MT ./src/a68g/a68g-rts-char.o -MD -MP -MF ./src/a68g/.deps/a68g-rts-char.Tpo -c -o ./src/a68g/a68g-rts-char.o `test -f './src/a68g/rts-char.c' || echo './'`./src/a68g/rts-char.c
mv -f ./src/a68g/.deps/a68g-plugin-script.Tpo ./src/a68g/.deps/a68g-plugin-script.Po
gcc -DHAVE_CONFIG_H -I.  -I./src/include -D_DEFAULT_SOURCE -D_XOPEN_SOURCE=600  -DBINDIR='"/usr/bin"' -DINCLUDEDIR='"/usr/include"' -O2 -march=x86-64 -mtune=generic -fPIC --std=c17 -Wall -Wshadow -Wunused-variable -Wunused-parameter -Wno-long-long -MT ./src/a68g/a68g-rts-curl.o -MD -MP -MF ./src/a68g/.deps/a68g-rts-curl.Tpo -c -o ./src/a68g/a68g-rts-curl.o `test -f './src/a68g/rts-curl.c' || echo './'`./src/a68g/rts-curl.c
mv -f ./src/a68g/.deps/a68g-parser-moids-check.Tpo ./src/a68g/.deps/a68g-parser-moids-check.Po
gcc -DHAVE_CONFIG_H -I.  -I./src/include -D_DEFAULT_SOURCE -D_XOPEN_SOURCE=600  -DBINDIR='"/usr/bin"' -DINCLUDEDIR='"/usr/include"' -O2 -march=x86-64 -mtune=generic -fPIC --std=c17 -Wall -Wshadow -Wunused-variable -Wunused-parameter -Wno-long-long -MT ./src/a68g/a68g-rts-curses.o -MD -MP -MF ./src/a68g/.deps/a68g-rts-curses.Tpo -c -o ./src/a68g/a68g-rts-curses.o `test -f './src/a68g/rts-curses.c' || echo './'`./src/a68g/rts-curses.c
mv -f ./src/a68g/.deps/a68g-prelude-mathlib.Tpo ./src/a68g/.deps/a68g-prelude-mathlib.Po
mv -f ./src/a68g/.deps/a68g-plugin-folder.Tpo ./src/a68g/.deps/a68g-plugin-folder.Po
gcc -DHAVE_CONFIG_H -I.  -I./src/include -D_DEFAULT_SOURCE -D_XOPEN_SOURCE=600  -DBINDIR='"/usr/bin"' -DINCLUDEDIR='"/usr/include"' -O2 -march=x86-64 -mtune=generic -fPIC --std=c17 -Wall -Wshadow -Wunused-variable -Wunused-parameter -Wno-long-long -MT ./src/a68g/a68g-rts-enquiries.o -MD -MP -MF ./src/a68g/.deps/a68g-rts-enquiries.Tpo -c -o ./src/a68g/a68g-rts-enquiries.o `test -f './src/a68g/rts-enquiries.c' || echo './'`./src/a68g/rts-enquiries.c
gcc -DHAVE_CONFIG_H -I.  -I./src/include -D_DEFAULT_SOURCE -D_XOPEN_SOURCE=600  -DBINDIR='"/usr/bin"' -DINCLUDEDIR='"/usr/include"' -O2 -march=x86-64 -mtune=generic -fPIC --std=c17 -Wall -Wshadow -Wunused-variable -Wunused-parameter -Wno-long-long -MT ./src/a68g/a68g-rts-formatted.o -MD -MP -MF ./src/a68g/.deps/a68g-rts-formatted.Tpo -c -o ./src/a68g/a68g-rts-formatted.o `test -f './src/a68g/rts-formatted.c' || echo './'`./src/a68g/rts-formatted.c
mv -f ./src/a68g/.deps/a68g-rts-bool.Tpo ./src/a68g/.deps/a68g-rts-bool.Po
gcc -DHAVE_CONFIG_H -I.  -I./src/include -D_DEFAULT_SOURCE -D_XOPEN_SOURCE=600  -DBINDIR='"/usr/bin"' -DINCLUDEDIR='"/usr/include"' -O2 -march=x86-64 -mtune=generic -fPIC --std=c17 -Wall -Wshadow -Wunused-variable -Wunused-parameter -Wno-long-long -MT ./src/a68g/a68g-rts-heap.o -MD -MP -MF ./src/a68g/.deps/a68g-rts-heap.Tpo -c -o ./src/a68g/a68g-rts-heap.o `test -f './src/a68g/rts-heap.c' || echo './'`./src/a68g/rts-heap.c
mv -f ./src/a68g/.deps/a68g-mp-complex.Tpo ./src/a68g/.deps/a68g-mp-complex.Po
gcc -DHAVE_CONFIG_H -I.  -I./src/include -D_DEFAULT_SOURCE -D_XOPEN_SOURCE=600  -DBINDIR='"/usr/bin"' -DINCLUDEDIR='"/usr/include"' -O2 -march=x86-64 -mtune=generic -fPIC --std=c17 -Wall -Wshadow -Wunused-variable -Wunused-parameter -Wno-long-long -MT ./src/a68g/a68g-rts-int128.o -MD -MP -MF ./src/a68g/.deps/a68g-rts-int128.Tpo -c -o ./src/a68g/a68g-rts-int128.o `test -f './src/a68g/rts-int128.c' || echo './'`./src/a68g/rts-int128.c
mv -f ./src/a68g/.deps/a68g-double.Tpo ./src/a68g/.deps/a68g-double.Po
gcc -DHAVE_CONFIG_H -I.  -I./src/include -D_DEFAULT_SOURCE -D_XOPEN_SOURCE=600  -DBINDIR='"/usr/bin"' -DINCLUDEDIR='"/usr/include"' -O2 -march=x86-64 -mtune=generic -fPIC --std=c17 -Wall -Wshadow -Wunused-variable -Wunused-parameter -Wno-long-long -MT ./src/a68g/a68g-rts-internal.o -MD -MP -MF ./src/a68g/.deps/a68g-rts-internal.Tpo -c -o ./src/a68g/a68g-rts-internal.o `test -f './src/a68g/rts-internal.c' || echo './'`./src/a68g/rts-internal.c
mv -f ./src/a68g/.deps/a68g-parser-bottom-up.Tpo ./src/a68g/.deps/a68g-parser-bottom-up.Po
gcc -DHAVE_CONFIG_H -I.  -I./src/include -D_DEFAULT_SOURCE -D_XOPEN_SOURCE=600  -DBINDIR='"/usr/bin"' -DINCLUDEDIR='"/usr/include"' -O2 -march=x86-64 -mtune=generic -fPIC --std=c17 -Wall -Wshadow -Wunused-variable -Wunused-parameter -Wno-long-long -MT ./src/a68g/a68g-rts-mach.o -MD -MP -MF ./src/a68g/.deps/a68g-rts-mach.Tpo -c -o ./src/a68g/a68g-rts-mach.o `test -f './src/a68g/rts-mach.c' || echo './'`./src/a68g/rts-mach.c
mv -f ./src/a68g/.deps/a68g-mp-gamic.Tpo ./src/a68g/.deps/a68g-mp-gamic.Po
gcc -DHAVE_CONFIG_H -I.  -I./src/include -D_DEFAULT_SOURCE -D_XOPEN_SOURCE=600  -DBINDIR='"/usr/bin"' -DINCLUDEDIR='"/usr/include"' -O2 -march=x86-64 -mtune=generic -fPIC --std=c17 -Wall -Wshadow -Wunused-variable -Wunused-parameter -Wno-long-long -MT ./src/a68g/a68g-rts-monitor.o -MD -MP -MF ./src/a68g/.deps/a68g-rts-monitor.Tpo -c -o ./src/a68g/a68g-rts-monitor.o `test -f './src/a68g/rts-monitor.c' || echo './'`./src/a68g/rts-monitor.c
mv -f ./src/a68g/.deps/a68g-plugin.Tpo ./src/a68g/.deps/a68g-plugin.Po
gcc -DHAVE_CONFIG_H -I.  -I./src/include -D_DEFAULT_SOURCE -D_XOPEN_SOURCE=600  -DBINDIR='"/usr/bin"' -DINCLUDEDIR='"/usr/include"' -O2 -march=x86-64 -mtune=generic -fPIC --std=c17 -Wall -Wshadow -Wunused-variable -Wunused-parameter -Wno-long-long -MT ./src/a68g/a68g-rts-parallel.o -MD -MP -MF ./src/a68g/.deps/a68g-rts-parallel.Tpo -c -o ./src/a68g/a68g-rts-parallel.o `test -f './src/a68g/rts-parallel.c' || echo './'`./src/a68g/rts-parallel.c
mv -f ./src/a68g/.deps/a68g-mp.Tpo ./src/a68g/.deps/a68g-mp.Po
mv -f ./src/a68g/.deps/a68g-prelude-gsl.Tpo ./src/a68g/.deps/a68g-prelude-gsl.Po
gcc -DHAVE_CONFIG_H -I.  -I./src/include -D_DEFAULT_SOURCE -D_XOPEN_SOURCE=600  -DBINDIR='"/usr/bin"' -DINCLUDEDIR='"/usr/include"' -O2 -march=x86-64 -mtune=generic -fPIC --std=c17 -Wall -Wshadow -Wunused-variable -Wunused-parameter -Wno-long-long -MT ./src/a68g/a68g-rts-plotutils.o -MD -MP -MF ./src/a68g/.deps/a68g-rts-plotutils.Tpo -c -o ./src/a68g/a68g-rts-plotutils.o `test -f './src/a68g/rts-plotutils.c' || echo './'`./src/a68g/rts-plotutils.c
gcc -DHAVE_CONFIG_H -I.  -I./src/include -D_DEFAULT_SOURCE -D_XOPEN_SOURCE=600  -DBINDIR='"/usr/bin"' -DINCLUDEDIR='"/usr/include"' -O2 -march=x86-64 -mtune=generic -fPIC --std=c17 -Wall -Wshadow -Wunused-variable -Wunused-parameter -Wno-long-long -MT ./src/a68g/a68g-rts-postgresql.o -MD -MP -MF ./src/a68g/.deps/a68g-rts-postgresql.Tpo -c -o ./src/a68g/a68g-rts-postgresql.o `test -f './src/a68g/rts-postgresql.c' || echo './'`./src/a68g/rts-postgresql.c
mv -f ./src/a68g/.deps/a68g-rts-curses.Tpo ./src/a68g/.deps/a68g-rts-curses.Po
gcc -DHAVE_CONFIG_H -I.  -I./src/include -D_DEFAULT_SOURCE -D_XOPEN_SOURCE=600  -DBINDIR='"/usr/bin"' -DINCLUDEDIR='"/usr/include"' -O2 -march=x86-64 -mtune=generic -fPIC --std=c17 -Wall -Wshadow -Wunused-variable -Wunused-parameter -Wno-long-long -MT ./src/a68g/a68g-rts-sounds.o -MD -MP -MF ./src/a68g/.deps/a68g-rts-sounds.Tpo -c -o ./src/a68g/a68g-rts-sounds.o `test -f './src/a68g/rts-sounds.c' || echo './'`./src/a68g/rts-sounds.c
mv -f ./src/a68g/.deps/a68g-rts-enquiries.Tpo ./src/a68g/.deps/a68g-rts-enquiries.Po
gcc -DHAVE_CONFIG_H -I.  -I./src/include -D_DEFAULT_SOURCE -D_XOPEN_SOURCE=600  -DBINDIR='"/usr/bin"' -DINCLUDEDIR='"/usr/include"' -O2 -march=x86-64 -mtune=generic -fPIC --std=c17 -Wall -Wshadow -Wunused-variable -Wunused-parameter -Wno-long-long -MT ./src/a68g/a68g-rts-stowed.o -MD -MP -MF ./src/a68g/.deps/a68g-rts-stowed.Tpo -c -o ./src/a68g/a68g-rts-stowed.o `test -f './src/a68g/rts-stowed.c' || echo './'`./src/a68g/rts-stowed.c
mv -f ./src/a68g/.deps/a68g-mp-genie.Tpo ./src/a68g/.deps/a68g-mp-genie.Po
gcc -DHAVE_CONFIG_H -I.  -I./src/include -D_DEFAULT_SOURCE -D_XOPEN_SOURCE=600  -DBINDIR='"/usr/bin"' -DINCLUDEDIR='"/usr/include"' -O2 -march=x86-64 -mtune=generic -fPIC --std=c17 -Wall -Wshadow -Wunused-variable -Wunused-parameter -Wno-long-long -MT ./src/a68g/a68g-rts-transput.o -MD -MP -MF ./src/a68g/.deps/a68g-rts-transput.Tpo -c -o ./src/a68g/a68g-rts-transput.o `test -f './src/a68g/rts-transput.c' || echo './'`./src/a68g/rts-transput.c
mv -f ./src/a68g/.deps/a68g-parser-taxes.Tpo ./src/a68g/.deps/a68g-parser-taxes.Po
gcc -DHAVE_CONFIG_H -I.  -I./src/include -D_DEFAULT_SOURCE -D_XOPEN_SOURCE=600  -DBINDIR='"/usr/bin"' -DINCLUDEDIR='"/usr/include"' -O2 -march=x86-64 -mtune=generic -fPIC --std=c17 -Wall -Wshadow -Wunused-variable -Wunused-parameter -Wno-long-long -MT ./src/a68g/a68g-rts-unformatted.o -MD -MP -MF ./src/a68g/.deps/a68g-rts-unformatted.Tpo -c -o ./src/a68g/a68g-rts-unformatted.o `test -f './src/a68g/rts-unformatted.c' || echo './'`./src/a68g/rts-unformatted.c
mv -f ./src/a68g/.deps/a68g-rts-curl.Tpo ./src/a68g/.deps/a68g-rts-curl.Po
gcc -DHAVE_CONFIG_H -I.  -I./src/include -D_DEFAULT_SOURCE -D_XOPEN_SOURCE=600  -DBINDIR='"/usr/bin"' -DINCLUDEDIR='"/usr/include"' -O2 -march=x86-64 -mtune=generic -fPIC --std=c17 -Wall -Wshadow -Wunused-variable -Wunused-parameter -Wno-long-long -MT ./src/a68g/a68g-single-blas.o -MD -MP -MF ./src/a68g/.deps/a68g-single-blas.Tpo -c -o ./src/a68g/a68g-single-blas.o `test -f './src/a68g/single-blas.c' || echo './'`./src/a68g/single-blas.c
mv -f ./src/a68g/.deps/a68g-parser-scanner.Tpo ./src/a68g/.deps/a68g-parser-scanner.Po
gcc -DHAVE_CONFIG_H -I.  -I./src/include -D_DEFAULT_SOURCE -D_XOPEN_SOURCE=600  -DBINDIR='"/usr/bin"' -DINCLUDEDIR='"/usr/include"' -O2 -march=x86-64 -mtune=generic -fPIC --std=c17 -Wall -Wshadow -Wunused-variable -Wunused-parameter -Wno-long-long -MT ./src/a68g/a68g-single.o -MD -MP -MF ./src/a68g/.deps/a68g-single.Tpo -c -o ./src/a68g/a68g-single.o `test -f './src/a68g/single.c' || echo './'`./src/a68g/single.c
mv -f ./src/a68g/.deps/a68g-rts-plotutils.Tpo ./src/a68g/.deps/a68g-rts-plotutils.Po
gcc -DHAVE_CONFIG_H -I.  -I./src/include -D_DEFAULT_SOURCE -D_XOPEN_SOURCE=600  -DBINDIR='"/usr/bin"' -DINCLUDEDIR='"/usr/include"' -O2 -march=x86-64 -mtune=generic -fPIC --std=c17 -Wall -Wshadow -Wunused-variable -Wunused-parameter -Wno-long-long -MT ./src/a68g/a68g-single-decomposition.o -MD -MP -MF ./src/a68g/.deps/a68g-single-decomposition.Tpo -c -o ./src/a68g/a68g-single-decomposition.o `test -f './src/a68g/single-decomposition.c' || echo './'`./src/a68g/single-decomposition.c
mv -f ./src/a68g/.deps/a68g-plugin-inline.Tpo ./src/a68g/.deps/a68g-plugin-inline.Po
gcc -DHAVE_CONFIG_H -I.  -I./src/include -D_DEFAULT_SOURCE -D_XOPEN_SOURCE=600  -DBINDIR='"/usr/bin"' -DINCLUDEDIR='"/usr/include"' -O2 -march=x86-64 -mtune=generic -fPIC --std=c17 -Wall -Wshadow -Wunused-variable -Wunused-parameter -Wno-long-long -MT ./src/a68g/a68g-single-fft.o -MD -MP -MF ./src/a68g/.deps/a68g-single-fft.Tpo -c -o ./src/a68g/a68g-single-fft.o `test -f './src/a68g/single-fft.c' || echo './'`./src/a68g/single-fft.c
mv -f ./src/a68g/.deps/a68g-rts-mach.Tpo ./src/a68g/.deps/a68g-rts-mach.Po
gcc -DHAVE_CONFIG_H -I.  -I./src/include -D_DEFAULT_SOURCE -D_XOPEN_SOURCE=600  -DBINDIR='"/usr/bin"' -DINCLUDEDIR='"/usr/include"' -O2 -march=x86-64 -mtune=generic -fPIC --std=c17 -Wall -Wshadow -Wunused-variable -Wunused-parameter -Wno-long-long -MT ./src/a68g/a68g-single-gamic.o -MD -MP -MF ./src/a68g/.deps/a68g-single-gamic.Tpo -c -o ./src/a68g/a68g-single-gamic.o `test -f './src/a68g/single-gamic.c' || echo './'`./src/a68g/single-gamic.c
mv -f ./src/a68g/.deps/a68g-rts-postgresql.Tpo ./src/a68g/.deps/a68g-rts-postgresql.Po
gcc -DHAVE_CONFIG_H -I.  -I./src/include -D_DEFAULT_SOURCE -D_XOPEN_SOURCE=600  -DBINDIR='"/usr/bin"' -DINCLUDEDIR='"/usr/include"' -O2 -march=x86-64 -mtune=generic -fPIC --std=c17 -Wall -Wshadow -Wunused-variable -Wunused-parameter -Wno-long-long -MT ./src/a68g/a68g-single-gsl.o -MD -MP -MF ./src/a68g/.deps/a68g-single-gsl.Tpo -c -o ./src/a68g/a68g-single-gsl.o `test -f './src/a68g/single-gsl.c' || echo './'`./src/a68g/single-gsl.c
mv -f ./src/a68g/.deps/a68g-rts-int128.Tpo ./src/a68g/.deps/a68g-rts-int128.Po
gcc -DHAVE_CONFIG_H -I.  -I./src/include -D_DEFAULT_SOURCE -D_XOPEN_SOURCE=600  -DBINDIR='"/usr/bin"' -DINCLUDEDIR='"/usr/include"' -O2 -march=x86-64 -mtune=generic -fPIC --std=c17 -Wall -Wshadow -Wunused-variable -Wunused-parameter -Wno-long-long -MT ./src/a68g/a68g-single-laplace.o -MD -MP -MF ./src/a68g/.deps/a68g-single-laplace.Tpo -c -o ./src/a68g/a68g-single-laplace.o `test -f './src/a68g/single-laplace.c' || echo './'`./src/a68g/single-laplace.c
mv -f ./src/a68g/.deps/a68g-rts-internal.Tpo ./src/a68g/.deps/a68g-rts-internal.Po
gcc -DHAVE_CONFIG_H -I.  -I./src/include -D_DEFAULT_SOURCE -D_XOPEN_SOURCE=600  -DBINDIR='"/usr/bin"' -DINCLUDEDIR='"/usr/include"' -O2 -march=x86-64 -mtune=generic -fPIC --std=c17 -Wall -Wshadow -Wunused-variable -Wunused-parameter -Wno-long-long -MT ./src/a68g/a68g-single-math.o -MD -MP -MF ./src/a68g/.deps/a68g-single-math.Tpo -c -o ./src/a68g/a68g-single-math.o `test -f './src/a68g/single-math.c' || echo './'`./src/a68g/single-math.c
mv -f ./src/a68g/.deps/a68g-single-blas.Tpo ./src/a68g/.deps/a68g-single-blas.Po
gcc -DHAVE_CONFIG_H -I.  -I./src/include -D_DEFAULT_SOURCE -D_XOPEN_SOURCE=600  -DBINDIR='"/usr/bin"' -DINCLUDEDIR='"/usr/include"' -O2 -march=x86-64 -mtune=generic -fPIC --std=c17 -Wall -Wshadow -Wunused-variable -Wunused-parameter -Wno-long-long -MT ./src/a68g/a68g-single-multivariate.o -MD -MP -MF ./src/a68g/.deps/a68g-single-multivariate.Tpo -c -o ./src/a68g/a68g-single-multivariate.o `test -f './src/a68g/single-multivariate.c' || echo './'`./src/a68g/single-multivariate.c
mv -f ./src/a68g/.deps/a68g-rts-heap.Tpo ./src/a68g/.deps/a68g-rts-heap.Po
gcc -DHAVE_CONFIG_H -I.  -I./src/include -D_DEFAULT_SOURCE -D_XOPEN_SOURCE=600  -DBINDIR='"/usr/bin"' -DINCLUDEDIR='"/usr/include"' -O2 -march=x86-64 -mtune=generic -fPIC --std=c17 -Wall -Wshadow -Wunused-variable -Wunused-parameter -Wno-long-long -MT ./src/a68g/a68g-single-physics.o -MD -MP -MF ./src/a68g/.deps/a68g-single-physics.Tpo -c -o ./src/a68g/a68g-single-physics.o `test -f './src/a68g/single-physics.c' || echo './'`./src/a68g/single-physics.c
mv -f ./src/a68g/.deps/a68g-single-laplace.Tpo ./src/a68g/.deps/a68g-single-laplace.Po
mv -f ./src/a68g/.deps/a68g-rts-parallel.Tpo ./src/a68g/.deps/a68g-rts-parallel.Po
gcc -DHAVE_CONFIG_H -I.  -I./src/include -D_DEFAULT_SOURCE -D_XOPEN_SOURCE=600  -DBINDIR='"/usr/bin"' -DINCLUDEDIR='"/usr/include"' -O2 -march=x86-64 -mtune=generic -fPIC --std=c17 -Wall -Wshadow -Wunused-variable -Wunused-parameter -Wno-long-long -MT ./src/a68g/a68g-single-python.o -MD -MP -MF ./src/a68g/.deps/a68g-single-python.Tpo -c -o ./src/a68g/a68g-single-python.o `test -f './src/a68g/single-python.c' || echo './'`./src/a68g/single-python.c
mv -f ./src/a68g/.deps/a68g-plugin-gen.Tpo ./src/a68g/.deps/a68g-plugin-gen.Po
gcc -DHAVE_CONFIG_H -I.  -I./src/include -D_DEFAULT_SOURCE -D_XOPEN_SOURCE=600  -DBINDIR='"/usr/bin"' -DINCLUDEDIR='"/usr/include"' -O2 -march=x86-64 -mtune=generic -fPIC --std=c17 -Wall -Wshadow -Wunused-variable -Wunused-parameter -Wno-long-long -MT ./src/a68g/a68g-single-r-math.o -MD -MP -MF ./src/a68g/.deps/a68g-single-r-math.Tpo -c -o ./src/a68g/a68g-single-r-math.o `test -f './src/a68g/single-r-math.c' || echo './'`./src/a68g/single-r-math.c
gcc -DHAVE_CONFIG_H -I.  -I./src/include -D_DEFAULT_SOURCE -D_XOPEN_SOURCE=600  -DBINDIR='"/usr/bin"' -DINCLUDEDIR='"/usr/include"' -O2 -march=x86-64 -mtune=generic -fPIC --std=c17 -Wall -Wshadow -Wunused-variable -Wunused-parameter -Wno-long-long -MT ./src/a68g/a68g-single-rnd.o -MD -MP -MF ./src/a68g/.deps/a68g-single-rnd.Tpo -c -o ./src/a68g/a68g-single-rnd.o `test -f './src/a68g/single-rnd.c' || echo './'`./src/a68g/single-rnd.c
mv -f ./src/a68g/.deps/a68g-rts-sounds.Tpo ./src/a68g/.deps/a68g-rts-sounds.Po
gcc -DHAVE_CONFIG_H -I.  -I./src/include -D_DEFAULT_SOURCE -D_XOPEN_SOURCE=600  -DBINDIR='"/usr/bin"' -DINCLUDEDIR='"/usr/include"' -O2 -march=x86-64 -mtune=generic -fPIC --std=c17 -Wall -Wshadow -Wunused-variable -Wunused-parameter -Wno-long-long -MT ./src/a68g/a68g-single-svd.o -MD -MP -MF ./src/a68g/.deps/a68g-single-svd.Tpo -c -o ./src/a68g/a68g-single-svd.o `test -f './src/a68g/single-svd.c' || echo './'`./src/a68g/single-svd.c
mv -f ./src/a68g/.deps/a68g-rts-char.Tpo ./src/a68g/.deps/a68g-rts-char.Po
gcc -DHAVE_CONFIG_H -I.  -I./src/include -D_DEFAULT_SOURCE -D_XOPEN_SOURCE=600  -DBINDIR='"/usr/bin"' -DINCLUDEDIR='"/usr/include"' -O2 -march=x86-64 -mtune=generic -fPIC --std=c17 -Wall -Wshadow -Wunused-variable -Wunused-parameter -Wno-long-long -MT ./src/a68g/a68g-single-torrix.o -MD -MP -MF ./src/a68g/.deps/a68g-single-torrix.Tpo -c -o ./src/a68g/a68g-single-torrix.o `test -f './src/a68g/single-torrix.c' || echo './'`./src/a68g/single-torrix.c
mv -f ./src/a68g/.deps/a68g-single-decomposition.Tpo ./src/a68g/.deps/a68g-single-decomposition.Po
gcc -DHAVE_CONFIG_H -I.  -I./src/include -D_DEFAULT_SOURCE -D_XOPEN_SOURCE=600  -DBINDIR='"/usr/bin"' -DINCLUDEDIR='"/usr/include"' -O2 -march=x86-64 -mtune=generic -fPIC --std=c17 -Wall -Wshadow -Wunused-variable -Wunused-parameter -Wno-long-long -MT ./src/a68g/a68g-single-torrix-gsl.o -MD -MP -MF ./src/a68g/.deps/a68g-single-torrix-gsl.Tpo -c -o ./src/a68g/a68g-single-torrix-gsl.o `test -f './src/a68g/single-torrix-gsl.c' || echo './'`./src/a68g/single-torrix-gsl.c
mv -f ./src/a68g/.deps/a68g-single-fft.Tpo ./src/a68g/.deps/a68g-single-fft.Po
mv -f ./src/a68g/.deps/a68g-single-gamic.Tpo ./src/a68g/.deps/a68g-single-gamic.Po
mv -f ./src/a68g/.deps/a68g-single-r-math.Tpo ./src/a68g/.deps/a68g-single-r-math.Po
mv -f ./src/a68g/.deps/a68g-prelude.Tpo ./src/a68g/.deps/a68g-prelude.Po
mv -f ./src/a68g/.deps/a68g-mp-math.Tpo ./src/a68g/.deps/a68g-mp-math.Po
mv -f ./src/a68g/.deps/a68g-single-svd.Tpo ./src/a68g/.deps/a68g-single-svd.Po
mv -f ./src/a68g/.deps/a68g-single-rnd.Tpo ./src/a68g/.deps/a68g-single-rnd.Po
mv -f ./src/a68g/.deps/a68g-single-math.Tpo ./src/a68g/.deps/a68g-single-math.Po
mv -f ./src/a68g/.deps/a68g-single-torrix.Tpo ./src/a68g/.deps/a68g-single-torrix.Po
mv -f ./src/a68g/.deps/a68g-single-python.Tpo ./src/a68g/.deps/a68g-single-python.Po
mv -f ./src/a68g/.deps/a68g-single-multivariate.Tpo ./src/a68g/.deps/a68g-single-multivariate.Po
mv -f ./src/a68g/.deps/a68g-rts-stowed.Tpo ./src/a68g/.deps/a68g-rts-stowed.Po
mv -f ./src/a68g/.deps/a68g-rts-formatted.Tpo ./src/a68g/.deps/a68g-rts-formatted.Po
mv -f ./src/a68g/.deps/a68g-single-torrix-gsl.Tpo ./src/a68g/.deps/a68g-single-torrix-gsl.Po
mv -f ./src/a68g/.deps/a68g-single-physics.Tpo ./src/a68g/.deps/a68g-single-physics.Po
mv -f ./src/a68g/.deps/a68g-single.Tpo ./src/a68g/.deps/a68g-single.Po
mv -f ./src/a68g/.deps/a68g-rts-transput.Tpo ./src/a68g/.deps/a68g-rts-transput.Po
mv -f ./src/a68g/.deps/a68g-single-gsl.Tpo ./src/a68g/.deps/a68g-single-gsl.Po
mv -f ./src/a68g/.deps/a68g-rts-monitor.Tpo ./src/a68g/.deps/a68g-rts-monitor.Po
mv -f ./src/a68g/.deps/a68g-rts-unformatted.Tpo ./src/a68g/.deps/a68g-rts-unformatted.Po
gcc -DBINDIR='"/usr/bin"' -DINCLUDEDIR='"/usr/include"' -O2 -march=x86-64 -mtune=generic -fPIC --std=c17 -Wall -Wshadow -Wunused-variable -Wunused-parameter -Wno-long-long  -Wl,--export-dynamic -o a68g ./src/a68g/a68g-a68g-apropos.o ./src/a68g/a68g-a68g-bits.o ./src/a68g/a68g-a68g.o ./src/a68g/a68g-a68g-conversion.o ./src/a68g/a68g-a68g-diagnostics.o ./src/a68g/a68g-a68g-io.o ./src/a68g/a68g-a68g-keywords.o ./src/a68g/a68g-a68g-listing.o ./src/a68g/a68g-a68g-mem.o ./src/a68g/a68g-a68g-non-terminal.o ./src/a68g/a68g-a68g-options.o ./src/a68g/a68g-a68g-path.o ./src/a68g/a68g-a68g-postulates.o ./src/a68g/a68g-a68g-pretty.o ./src/a68g/a68g-double.o ./src/a68g/a68g-double-gamic.o ./src/a68g/a68g-double-math.o ./src/a68g/a68g-genie-assign.o ./src/a68g/a68g-genie.o ./src/a68g/a68g-genie-call.o ./src/a68g/a68g-genie-coerce.o ./src/a68g/a68g-genie-declaration.o ./src/a68g/a68g-genie-denotation.o ./src/a68g/a68g-genie-enclosed.o ./src/a68g/a68g-genie-formula.o ./src/a68g/a68g-genie-hip.o ./src/a68g/a68g-genie-identifier.o ./src/a68g/a68g-genie-misc.o ./src/a68g/a68g-genie-regex.o ./src/a68g/a68g-genie-rows.o ./src/a68g/a68g-genie-stowed.o ./src/a68g/a68g-genie-unix.o ./src/a68g/a68g-moids-diagnostics.o ./src/a68g/a68g-moids-misc.o ./src/a68g/a68g-moids-size.o ./src/a68g/a68g-moids-to-string.o ./src/a68g/a68g-mp-bits.o ./src/a68g/a68g-mp.o ./src/a68g/a68g-mp-complex.o ./src/a68g/a68g-mp-gamic.o ./src/a68g/a68g-mp-gamma.o ./src/a68g/a68g-mp-genie.o ./src/a68g/a68g-mp-math.o ./src/a68g/a68g-mp-mpfr.o ./src/a68g/a68g-mp-pi.o ./src/a68g/a68g-parser-bottom-up.o ./src/a68g/a68g-parser-brackets.o ./src/a68g/a68g-parser.o ./src/a68g/a68g-parser-extract.o ./src/a68g/a68g-parser-modes.o ./src/a68g/a68g-parser-moids-check.o ./src/a68g/a68g-parser-moids-coerce.o ./src/a68g/a68g-parser-moids-equivalence.o ./src/a68g/a68g-parser-refinement.o ./src/a68g/a68g-parser-scanner.o ./src/a68g/a68g-parser-scope.o ./src/a68g/a68g-parser-taxes.o ./src/a68g/a68g-parser-top-down.o ./src/a68g/a68g-parser-victal.o ./src/a68g/a68g-plugin-basic.o ./src/a68g/a68g-plugin.o ./src/a68g/a68g-plugin-driver.o ./src/a68g/a68g-plugin-folder.o ./src/a68g/a68g-plugin-gen.o ./src/a68g/a68g-plugin-inline.o ./src/a68g/a68g-plugin-script.o ./src/a68g/a68g-plugin-tables.o ./src/a68g/a68g-prelude-bits.o ./src/a68g/a68g-prelude.o ./src/a68g/a68g-prelude-gsl.o ./src/a68g/a68g-prelude-mathlib.o ./src/a68g/a68g-rts-bool.o ./src/a68g/a68g-rts-char.o ./src/a68g/a68g-rts-curl.o ./src/a68g/a68g-rts-curses.o ./src/a68g/a68g-rts-enquiries.o ./src/a68g/a68g-rts-formatted.o ./src/a68g/a68g-rts-heap.o ./src/a68g/a68g-rts-int128.o ./src/a68g/a68g-rts-internal.o ./src/a68g/a68g-rts-mach.o ./src/a68g/a68g-rts-monitor.o ./src/a68g/a68g-rts-parallel.o ./src/a68g/a68g-rts-plotutils.o ./src/a68g/a68g-rts-postgresql.o ./src/a68g/a68g-rts-sounds.o ./src/a68g/a68g-rts-stowed.o ./src/a68g/a68g-rts-transput.o ./src/a68g/a68g-rts-unformatted.o ./src/a68g/a68g-single-blas.o ./src/a68g/a68g-single.o ./src/a68g/a68g-single-decomposition.o ./src/a68g/a68g-single-fft.o ./src/a68g/a68g-single-gamic.o ./src/a68g/a68g-single-gsl.o ./src/a68g/a68g-single-laplace.o ./src/a68g/a68g-single-math.o ./src/a68g/a68g-single-multivariate.o ./src/a68g/a68g-single-physics.o ./src/a68g/a68g-single-python.o ./src/a68g/a68g-single-r-math.o ./src/a68g/a68g-single-rnd.o ./src/a68g/a68g-single-svd.o ./src/a68g/a68g-single-torrix.o ./src/a68g/a68g-single-torrix-gsl.o -lncursesw -ltinfo -lcurl -lgsl -lgslcblas -lpthread -lmpfr -lmpfr -lmpfr -lmpfr -lgmp -lquadmath -lm 
make[1]: Leaving directory '/home/omen/GITHUB/slackbuilds-current/rtz/a68g/work/algol68g-3.5.5'
make[1]: Entering directory '/home/omen/GITHUB/slackbuilds-current/rtz/a68g/work/algol68g-3.5.5'
 /usr/bin/mkdir -p '/home/omen/GITHUB/slackbuilds-current/rtz/a68g/package-a68g/usr/bin'
  /usr/bin/ginstall -c a68g '/home/omen/GITHUB/slackbuilds-current/rtz/a68g/package-a68g/usr/bin'
 /usr/bin/mkdir -p '/home/omen/GITHUB/slackbuilds-current/rtz/a68g/package-a68g/usr/doc/a68g-3.5.5'
 /usr/bin/ginstall -c -m 644 AUTHORS COPYING ChangeLog NEWS README '/home/omen/GITHUB/slackbuilds-current/rtz/a68g/package-a68g/usr/doc/a68g-3.5.5'
 /usr/bin/mkdir -p '/home/omen/GITHUB/slackbuilds-current/rtz/a68g/package-a68g/usr/man/man1'
 /usr/bin/ginstall -c -m 644 ./src/doc/a68g.1 '/home/omen/GITHUB/slackbuilds-current/rtz/a68g/package-a68g/usr/man/man1'
 /usr/bin/mkdir -p '/home/omen/GITHUB/slackbuilds-current/rtz/a68g/package-a68g/usr/include/algol68g'
 /usr/bin/ginstall -c -m 644 ./a68g-config.h ./src/include/a68g-common.h ./src/include/a68g-config.win32.h ./src/include/a68g-defines.h ./src/include/a68g-diagnostics.h ./src/include/a68g-double.h ./src/include/a68g-enums.h ./src/include/a68g-environ.h ./src/include/a68g-frames.h ./src/include/a68g-generic.h ./src/include/a68g-genie.h ./src/include/a68g.h ./src/include/a68g-includes.h ./src/include/a68g-level-3.h ./src/include/a68g-lib.h ./src/include/a68g-listing.h ./src/include/a68g-mach.h ./src/include/a68g-masks.h ./src/include/a68g-math.h ./src/include/a68g-moids.h ./src/include/a68g-mp.h ./src/include/a68g-nil.h ./src/include/a68g-numbers.h ./src/include/a68g-optimiser.h ./src/include/a68g-options.h ./src/include/a68g-parser.h ./src/include/a68g-physics.h ./src/include/a68g-platform.h ./src/include/a68g-plugin.h ./src/include/a68g-postulates.h ./src/include/a68g-prelude-gsl.h ./src/include/a68g-prelude.h ./src/include/a68g-prelude-mathlib.h ./src/include/a68g-stack.h ./src/include/a68g-stddef.h ./src/include/a68g-torrix.h ./src/include/a68g-transput.h ./src/include/a68g-types.h '/home/omen/GITHUB/slackbuilds-current/rtz/a68g/package-a68g/usr/include/algol68g'
make[1]: Leaving directory '/home/omen/GITHUB/slackbuilds-current/rtz/a68g/work/algol68g-3.5.5'
cp: cannot stat 'ABOUT ABOUT-NLS ANNOUNCE AUTHORS *BUGS* ChangeLog Changelog CHANGELOG Changes CHANGES COPYING COPYRIGHT CREDITS CONFIGURATION* CONTRIBUTING* CONTRIBUTORS doc docs* Doc Docs* *FAQ* FEATURES FILES GPL* HACKING History HISTORY index.ht* *INDEX* INSTALL* License* LICENSE* LSM MANIFEST NEWS *README* *Readme* *RELEASE* RELNOTES Roadmap ROADMAP SITES THANKS TIPS TODO VERSION': File name too long

Slackware package maker, version 3.14159265.

Searching for symbolic links:

No symbolic links were found, so we won't make an installation script.
You can make your own later in ./install/doinst.sh and rebuild the
package if you like.

This next step is optional - you can set the directories in your package
to some sane permissions. If any of the directories in your package have
special permissions, then DO NOT reset them here!

Would you like to reset all directory permissions to 755 (drwxr-xr-x) and
directory ownerships to root.root ([y]es, [n]o)? n

Creating Slackware package:  /home/omen/GITHUB/slackbuilds-current/rtz/a68g/binary-a68g-3.5.5/a68g-3.5.5-x86_64-1_rtz.tlz

./
install/
install/doinst.sh
install/slack-desc
usr/
usr/bin/
usr/bin/a68g
usr/doc/
usr/doc/a68g-3.5.5/
usr/doc/a68g-3.5.5/a68g.SlackBuild
usr/doc/a68g-3.5.5/AUTHORS
usr/doc/a68g-3.5.5/ChangeLog
usr/doc/a68g-3.5.5/COPYING
usr/doc/a68g-3.5.5/NEWS
usr/doc/a68g-3.5.5/README
usr/include/
usr/include/algol68g/
usr/include/algol68g/a68g-common.h
usr/include/algol68g/a68g-config.h
usr/include/algol68g/a68g-config.win32.h
usr/include/algol68g/a68g-defines.h
usr/include/algol68g/a68g-diagnostics.h
usr/include/algol68g/a68g-double.h
usr/include/algol68g/a68g-enums.h
usr/include/algol68g/a68g-environ.h
usr/include/algol68g/a68g-frames.h
usr/include/algol68g/a68g-generic.h
usr/include/algol68g/a68g-genie.h
usr/include/algol68g/a68g.h
usr/include/algol68g/a68g-includes.h
usr/include/algol68g/a68g-level-3.h
usr/include/algol68g/a68g-lib.h
usr/include/algol68g/a68g-listing.h
usr/include/algol68g/a68g-mach.h
usr/include/algol68g/a68g-masks.h
usr/include/algol68g/a68g-math.h
usr/include/algol68g/a68g-moids.h
usr/include/algol68g/a68g-mp.h
usr/include/algol68g/a68g-nil.h
usr/include/algol68g/a68g-numbers.h
usr/include/algol68g/a68g-optimiser.h
usr/include/algol68g/a68g-options.h
usr/include/algol68g/a68g-parser.h
usr/include/algol68g/a68g-physics.h
usr/include/algol68g/a68g-platform.h
usr/include/algol68g/a68g-plugin.h
usr/include/algol68g/a68g-postulates.h
usr/include/algol68g/a68g-prelude-gsl.h
usr/include/algol68g/a68g-prelude.h
usr/include/algol68g/a68g-prelude-mathlib.h
usr/include/algol68g/a68g-stack.h
usr/include/algol68g/a68g-stddef.h
usr/include/algol68g/a68g-torrix.h
usr/include/algol68g/a68g-transput.h
usr/include/algol68g/a68g-types.h
usr/man/
usr/man/man1/
usr/man/man1/a68g.1.gz

Slackware package /home/omen/GITHUB/slackbuilds-current/rtz/a68g/binary-a68g-3.5.5/a68g-3.5.5-x86_64-1_rtz.tlz created.

Build process completed in 0 minutes and 10 seconds.
